*** tests starting
*** compiling modules: frontend
*** compiling modules: backend
*** Build and Test: saving previous output
*** Build and Test: compiling system
*** Build and Test: running script1
*** Build and Test: running script2
*** Build and Test: running script3
*** Build and Test: running script4
*** Build and Test: running script5
*** Build and Test: comparing output script1 (diff)
35,36d34
<  TO BE DONE 
<  TO BE DONE 
38,39d35
<  TO BE DONE 
<  TO BE DONE 
41,263c37,43
<  TO BE DONE 
<  TO BE DONE 
<  Enter choice ==>  b
<  TO BE DONE 
<  The graph is empty 
<  Enter choice ==>  a Enter node:  b
<  TO BE DONE 
<  TO BE DONE 
<  Enter choice ==>  1
<  INVALID MENU CHOICE ***
< 
< ***************************************************************
< ***                                                         ***
< ***   h:   display this menu                                ***
< ***   u:   set the mode to undirected graph                 ***
< ***   i:   set the mode to directed graph                   ***
< ***   k:   display the mode (directed / undirected)         ***
< ***                                                         ***
< ***   d:   display the graph                                ***
< ***   m:   display the matrix                               ***
< ***                                                         ***
< ***   a:   add a  node to the graph                         ***
< ***   b:   add an edge to the graph                         ***
< ***   r:   remove a  node from the graph                    ***
< ***   s:   remove an edge from the graph                    ***
< ***                                                         ***
< ***   n:   find a  node in the graph                        ***
< ***   e:   find an edge in the graph                        ***
< ***                                                         ***
< ***   t:   Dijkstra + SPT                                   ***
< ***   v:   Floyd                                            ***
< ***   w:   Warshall                                         ***
< ***   x:   Prim                                             ***
< ***                                                         ***
< ***   q:   quit the program                                 ***
< ***                                                         ***
< ***************************************************************
< 
< 
<  Enter choice ==>  b
<  TO BE DONE 
<  The graph is empty 
<  Enter choice ==>  a Enter node:  c
<  TO BE DONE 
<  TO BE DONE 
<  Enter choice ==>  2
<  INVALID MENU CHOICE ***
< 
< ***************************************************************
< ***                                                         ***
< ***   h:   display this menu                                ***
< ***   u:   set the mode to undirected graph                 ***
< ***   i:   set the mode to directed graph                   ***
< ***   k:   display the mode (directed / undirected)         ***
< ***                                                         ***
< ***   d:   display the graph                                ***
< ***   m:   display the matrix                               ***
< ***                                                         ***
< ***   a:   add a  node to the graph                         ***
< ***   b:   add an edge to the graph                         ***
< ***   r:   remove a  node from the graph                    ***
< ***   s:   remove an edge from the graph                    ***
< ***                                                         ***
< ***   n:   find a  node in the graph                        ***
< ***   e:   find an edge in the graph                        ***
< ***                                                         ***
< ***   t:   Dijkstra + SPT                                   ***
< ***   v:   Floyd                                            ***
< ***   w:   Warshall                                         ***
< ***   x:   Prim                                             ***
< ***                                                         ***
< ***   q:   quit the program                                 ***
< ***                                                         ***
< ***************************************************************
< 
< 
<  Enter choice ==>  b
<  TO BE DONE 
<  The graph is empty 
<  Enter choice ==>  b
<  TO BE DONE 
<  The graph is empty 
<  Enter choice ==>  a Enter node:  3
<  TO BE DONE 
<  TO BE DONE 
<  Enter choice ==>  b
<  TO BE DONE 
<  The graph is empty 
<  Enter choice ==>  b
<  TO BE DONE 
<  The graph is empty 
<  Enter choice ==>  c
<  INVALID MENU CHOICE ***
< 
< ***************************************************************
< ***                                                         ***
< ***   h:   display this menu                                ***
< ***   u:   set the mode to undirected graph                 ***
< ***   i:   set the mode to directed graph                   ***
< ***   k:   display the mode (directed / undirected)         ***
< ***                                                         ***
< ***   d:   display the graph                                ***
< ***   m:   display the matrix                               ***
< ***                                                         ***
< ***   a:   add a  node to the graph                         ***
< ***   b:   add an edge to the graph                         ***
< ***   r:   remove a  node from the graph                    ***
< ***   s:   remove an edge from the graph                    ***
< ***                                                         ***
< ***   n:   find a  node in the graph                        ***
< ***   e:   find an edge in the graph                        ***
< ***                                                         ***
< ***   t:   Dijkstra + SPT                                   ***
< ***   v:   Floyd                                            ***
< ***   w:   Warshall                                         ***
< ***   x:   Prim                                             ***
< ***                                                         ***
< ***   q:   quit the program                                 ***
< ***                                                         ***
< ***************************************************************
< 
< 
<  Enter choice ==>  4
<  INVALID MENU CHOICE ***
< 
< ***************************************************************
< ***                                                         ***
< ***   h:   display this menu                                ***
< ***   u:   set the mode to undirected graph                 ***
< ***   i:   set the mode to directed graph                   ***
< ***   k:   display the mode (directed / undirected)         ***
< ***                                                         ***
< ***   d:   display the graph                                ***
< ***   m:   display the matrix                               ***
< ***                                                         ***
< ***   a:   add a  node to the graph                         ***
< ***   b:   add an edge to the graph                         ***
< ***   r:   remove a  node from the graph                    ***
< ***   s:   remove an edge from the graph                    ***
< ***                                                         ***
< ***   n:   find a  node in the graph                        ***
< ***   e:   find an edge in the graph                        ***
< ***                                                         ***
< ***   t:   Dijkstra + SPT                                   ***
< ***   v:   Floyd                                            ***
< ***   w:   Warshall                                         ***
< ***   x:   Prim                                             ***
< ***                                                         ***
< ***   q:   quit the program                                 ***
< ***                                                         ***
< ***************************************************************
< 
< 
<  Enter choice ==>  b
<  TO BE DONE 
<  The graph is empty 
<  Enter choice ==>  c
<  INVALID MENU CHOICE ***
< 
< ***************************************************************
< ***                                                         ***
< ***   h:   display this menu                                ***
< ***   u:   set the mode to undirected graph                 ***
< ***   i:   set the mode to directed graph                   ***
< ***   k:   display the mode (directed / undirected)         ***
< ***                                                         ***
< ***   d:   display the graph                                ***
< ***   m:   display the matrix                               ***
< ***                                                         ***
< ***   a:   add a  node to the graph                         ***
< ***   b:   add an edge to the graph                         ***
< ***   r:   remove a  node from the graph                    ***
< ***   s:   remove an edge from the graph                    ***
< ***                                                         ***
< ***   n:   find a  node in the graph                        ***
< ***   e:   find an edge in the graph                        ***
< ***                                                         ***
< ***   t:   Dijkstra + SPT                                   ***
< ***   v:   Floyd                                            ***
< ***   w:   Warshall                                         ***
< ***   x:   Prim                                             ***
< ***                                                         ***
< ***   q:   quit the program                                 ***
< ***                                                         ***
< ***************************************************************
< 
< 
<  Enter choice ==>  a Enter node:  5
<  TO BE DONE 
<  TO BE DONE 
<  Enter choice ==>  b
<  TO BE DONE 
<  The graph is empty 
<  Enter choice ==>  c
<  INVALID MENU CHOICE ***
< 
< ***************************************************************
< ***                                                         ***
< ***   h:   display this menu                                ***
< ***   u:   set the mode to undirected graph                 ***
< ***   i:   set the mode to directed graph                   ***
< ***   k:   display the mode (directed / undirected)         ***
< ***                                                         ***
< ***   d:   display the graph                                ***
< ***   m:   display the matrix                               ***
< ***                                                         ***
< ***   a:   add a  node to the graph                         ***
< ***   b:   add an edge to the graph                         ***
< ***   r:   remove a  node from the graph                    ***
< ***   s:   remove an edge from the graph                    ***
< ***                                                         ***
< ***   n:   find a  node in the graph                        ***
< ***   e:   find an edge in the graph                        ***
< ***                                                         ***
< ***   t:   Dijkstra + SPT                                   ***
< ***   v:   Floyd                                            ***
< ***   w:   Warshall                                         ***
< ***   x:   Prim                                             ***
< ***                                                         ***
< ***   q:   quit the program                                 ***
< ***                                                         ***
< ***************************************************************
< 
---
>  Enter choice ==>  b Enter node:  a Enter node:  b Enter weight:  1
>  Enter choice ==>  b Enter node:  a Enter node:  c Enter weight:  2
>  Enter choice ==>  b Enter node:  b Enter node:  a Enter weight:  3
>  Enter choice ==>  b Enter node:  b Enter node:  c Enter weight:  4
>  Enter choice ==>  b Enter node:  c Enter node:  a Enter weight:  5
>  Enter choice ==>  b Enter node:  c Enter node:  b Enter weight:  6
>  Enter choice ==>  d
265,269c45
<  Enter choice ==>  b
<  TO BE DONE 
<  The graph is empty 
<  Enter choice ==>  6
<  INVALID MENU CHOICE ***
---
>  Adjacency list (3 nodes 6 edges): 
271,296c47,49
< ***************************************************************
< ***                                                         ***
< ***   h:   display this menu                                ***
< ***   u:   set the mode to undirected graph                 ***
< ***   i:   set the mode to directed graph                   ***
< ***   k:   display the mode (directed / undirected)         ***
< ***                                                         ***
< ***   d:   display the graph                                ***
< ***   m:   display the matrix                               ***
< ***                                                         ***
< ***   a:   add a  node to the graph                         ***
< ***   b:   add an edge to the graph                         ***
< ***   r:   remove a  node from the graph                    ***
< ***   s:   remove an edge from the graph                    ***
< ***                                                         ***
< ***   n:   find a  node in the graph                        ***
< ***   e:   find an edge in the graph                        ***
< ***                                                         ***
< ***   t:   Dijkstra + SPT                                   ***
< ***   v:   Floyd                                            ***
< ***   w:   Warshall                                         ***
< ***   x:   Prim                                             ***
< ***                                                         ***
< ***   q:   quit the program                                 ***
< ***                                                         ***
< ***************************************************************
---
>  a :  b( 1) c( 2)
>  b :  a( 3) c( 4)
>  c :  a( 5) b( 6)
299,301d51
<  Enter choice ==>  d
<  TO BE DONE 
<  The graph is empty 
303,304c53,62
<  TO BE DONE 
<  The graph is empty 
---
>  ----------------
>  Adjacency Matrix
>  ----------------
>        a   b   c 
>  ----------------
>   a:   *   1   2 
>   b:   3   *   4 
>   c:   5   6   * 
>  ----------------
>  
*** Build and Test: comparing output script2 (diff)
34,35d33
<  TO BE DONE 
<  TO BE DONE 
37,38d34
<  TO BE DONE 
<  TO BE DONE 
40,148c36,39
<  TO BE DONE 
<  TO BE DONE 
<  Enter choice ==>  b
<  TO BE DONE 
<  The graph is empty 
<  Enter choice ==>  a Enter node:  b
<  TO BE DONE 
<  TO BE DONE 
<  Enter choice ==>  1
<  INVALID MENU CHOICE ***
< 
< ***************************************************************
< ***                                                         ***
< ***   h:   display this menu                                ***
< ***   u:   set the mode to undirected graph                 ***
< ***   i:   set the mode to directed graph                   ***
< ***   k:   display the mode (directed / undirected)         ***
< ***                                                         ***
< ***   d:   display the graph                                ***
< ***   m:   display the matrix                               ***
< ***                                                         ***
< ***   a:   add a  node to the graph                         ***
< ***   b:   add an edge to the graph                         ***
< ***   r:   remove a  node from the graph                    ***
< ***   s:   remove an edge from the graph                    ***
< ***                                                         ***
< ***   n:   find a  node in the graph                        ***
< ***   e:   find an edge in the graph                        ***
< ***                                                         ***
< ***   t:   Dijkstra + SPT                                   ***
< ***   v:   Floyd                                            ***
< ***   w:   Warshall                                         ***
< ***   x:   Prim                                             ***
< ***                                                         ***
< ***   q:   quit the program                                 ***
< ***                                                         ***
< ***************************************************************
< 
< 
<  Enter choice ==>  b
<  TO BE DONE 
<  The graph is empty 
<  Enter choice ==>  a Enter node:  c
<  TO BE DONE 
<  TO BE DONE 
<  Enter choice ==>  2
<  INVALID MENU CHOICE ***
< 
< ***************************************************************
< ***                                                         ***
< ***   h:   display this menu                                ***
< ***   u:   set the mode to undirected graph                 ***
< ***   i:   set the mode to directed graph                   ***
< ***   k:   display the mode (directed / undirected)         ***
< ***                                                         ***
< ***   d:   display the graph                                ***
< ***   m:   display the matrix                               ***
< ***                                                         ***
< ***   a:   add a  node to the graph                         ***
< ***   b:   add an edge to the graph                         ***
< ***   r:   remove a  node from the graph                    ***
< ***   s:   remove an edge from the graph                    ***
< ***                                                         ***
< ***   n:   find a  node in the graph                        ***
< ***   e:   find an edge in the graph                        ***
< ***                                                         ***
< ***   t:   Dijkstra + SPT                                   ***
< ***   v:   Floyd                                            ***
< ***   w:   Warshall                                         ***
< ***   x:   Prim                                             ***
< ***                                                         ***
< ***   q:   quit the program                                 ***
< ***                                                         ***
< ***************************************************************
< 
< 
<  Enter choice ==>  b
<  TO BE DONE 
<  The graph is empty 
<  Enter choice ==>  c
<  INVALID MENU CHOICE ***
< 
< ***************************************************************
< ***                                                         ***
< ***   h:   display this menu                                ***
< ***   u:   set the mode to undirected graph                 ***
< ***   i:   set the mode to directed graph                   ***
< ***   k:   display the mode (directed / undirected)         ***
< ***                                                         ***
< ***   d:   display the graph                                ***
< ***   m:   display the matrix                               ***
< ***                                                         ***
< ***   a:   add a  node to the graph                         ***
< ***   b:   add an edge to the graph                         ***
< ***   r:   remove a  node from the graph                    ***
< ***   s:   remove an edge from the graph                    ***
< ***                                                         ***
< ***   n:   find a  node in the graph                        ***
< ***   e:   find an edge in the graph                        ***
< ***                                                         ***
< ***   t:   Dijkstra + SPT                                   ***
< ***   v:   Floyd                                            ***
< ***   w:   Warshall                                         ***
< ***   x:   Prim                                             ***
< ***                                                         ***
< ***   q:   quit the program                                 ***
< ***                                                         ***
< ***************************************************************
< 
---
>  Enter choice ==>  b Enter node:  a Enter node:  b Enter weight:  1
>  Enter choice ==>  b Enter node:  a Enter node:  c Enter weight:  2
>  Enter choice ==>  b Enter node:  c Enter node:  b Enter weight:  4
>  Enter choice ==>  d
150,154c41
<  Enter choice ==>  b
<  TO BE DONE 
<  The graph is empty 
<  Enter choice ==>  4
<  INVALID MENU CHOICE ***
---
>  Adjacency list (3 nodes 6 edges): 
156,181c43,45
< ***************************************************************
< ***                                                         ***
< ***   h:   display this menu                                ***
< ***   u:   set the mode to undirected graph                 ***
< ***   i:   set the mode to directed graph                   ***
< ***   k:   display the mode (directed / undirected)         ***
< ***                                                         ***
< ***   d:   display the graph                                ***
< ***   m:   display the matrix                               ***
< ***                                                         ***
< ***   a:   add a  node to the graph                         ***
< ***   b:   add an edge to the graph                         ***
< ***   r:   remove a  node from the graph                    ***
< ***   s:   remove an edge from the graph                    ***
< ***                                                         ***
< ***   n:   find a  node in the graph                        ***
< ***   e:   find an edge in the graph                        ***
< ***                                                         ***
< ***   t:   Dijkstra + SPT                                   ***
< ***   v:   Floyd                                            ***
< ***   w:   Warshall                                         ***
< ***   x:   Prim                                             ***
< ***                                                         ***
< ***   q:   quit the program                                 ***
< ***                                                         ***
< ***************************************************************
---
>  a :  b( 1) c( 2)
>  b :  a( 1) c( 4)
>  c :  a( 2) b( 4)
184,186d47
<  Enter choice ==>  d
<  TO BE DONE 
<  The graph is empty 
188,189c49,58
<  TO BE DONE 
<  The graph is empty 
---
>  ----------------
>  Adjacency Matrix
>  ----------------
>        a   b   c 
>  ----------------
>   a:   *   1   2 
>   b:   1   *   4 
>   c:   2   4   * 
>  ----------------
>  
*** Build and Test: comparing output script3 (diff)
35,36d34
<  TO BE DONE 
<  TO BE DONE 
38,39d35
<  TO BE DONE 
<  TO BE DONE 
41,149c37,40
<  TO BE DONE 
<  TO BE DONE 
<  Enter choice ==>  b
<  TO BE DONE 
<  The graph is empty 
<  Enter choice ==>  a Enter node:  b
<  TO BE DONE 
<  TO BE DONE 
<  Enter choice ==>  1
<  INVALID MENU CHOICE ***
< 
< ***************************************************************
< ***                                                         ***
< ***   h:   display this menu                                ***
< ***   u:   set the mode to undirected graph                 ***
< ***   i:   set the mode to directed graph                   ***
< ***   k:   display the mode (directed / undirected)         ***
< ***                                                         ***
< ***   d:   display the graph                                ***
< ***   m:   display the matrix                               ***
< ***                                                         ***
< ***   a:   add a  node to the graph                         ***
< ***   b:   add an edge to the graph                         ***
< ***   r:   remove a  node from the graph                    ***
< ***   s:   remove an edge from the graph                    ***
< ***                                                         ***
< ***   n:   find a  node in the graph                        ***
< ***   e:   find an edge in the graph                        ***
< ***                                                         ***
< ***   t:   Dijkstra + SPT                                   ***
< ***   v:   Floyd                                            ***
< ***   w:   Warshall                                         ***
< ***   x:   Prim                                             ***
< ***                                                         ***
< ***   q:   quit the program                                 ***
< ***                                                         ***
< ***************************************************************
< 
< 
<  Enter choice ==>  b
<  TO BE DONE 
<  The graph is empty 
<  Enter choice ==>  a Enter node:  c
<  TO BE DONE 
<  TO BE DONE 
<  Enter choice ==>  2
<  INVALID MENU CHOICE ***
< 
< ***************************************************************
< ***                                                         ***
< ***   h:   display this menu                                ***
< ***   u:   set the mode to undirected graph                 ***
< ***   i:   set the mode to directed graph                   ***
< ***   k:   display the mode (directed / undirected)         ***
< ***                                                         ***
< ***   d:   display the graph                                ***
< ***   m:   display the matrix                               ***
< ***                                                         ***
< ***   a:   add a  node to the graph                         ***
< ***   b:   add an edge to the graph                         ***
< ***   r:   remove a  node from the graph                    ***
< ***   s:   remove an edge from the graph                    ***
< ***                                                         ***
< ***   n:   find a  node in the graph                        ***
< ***   e:   find an edge in the graph                        ***
< ***                                                         ***
< ***   t:   Dijkstra + SPT                                   ***
< ***   v:   Floyd                                            ***
< ***   w:   Warshall                                         ***
< ***   x:   Prim                                             ***
< ***                                                         ***
< ***   q:   quit the program                                 ***
< ***                                                         ***
< ***************************************************************
< 
< 
<  Enter choice ==>  b
<  TO BE DONE 
<  The graph is empty 
<  Enter choice ==>  c
<  INVALID MENU CHOICE ***
< 
< ***************************************************************
< ***                                                         ***
< ***   h:   display this menu                                ***
< ***   u:   set the mode to undirected graph                 ***
< ***   i:   set the mode to directed graph                   ***
< ***   k:   display the mode (directed / undirected)         ***
< ***                                                         ***
< ***   d:   display the graph                                ***
< ***   m:   display the matrix                               ***
< ***                                                         ***
< ***   a:   add a  node to the graph                         ***
< ***   b:   add an edge to the graph                         ***
< ***   r:   remove a  node from the graph                    ***
< ***   s:   remove an edge from the graph                    ***
< ***                                                         ***
< ***   n:   find a  node in the graph                        ***
< ***   e:   find an edge in the graph                        ***
< ***                                                         ***
< ***   t:   Dijkstra + SPT                                   ***
< ***   v:   Floyd                                            ***
< ***   w:   Warshall                                         ***
< ***   x:   Prim                                             ***
< ***                                                         ***
< ***   q:   quit the program                                 ***
< ***                                                         ***
< ***************************************************************
< 
---
>  Enter choice ==>  b Enter node:  a Enter node:  b Enter weight:  1
>  Enter choice ==>  b Enter node:  a Enter node:  c Enter weight:  2
>  Enter choice ==>  b Enter node:  c Enter node:  b Enter weight:  4
>  Enter choice ==>  d
151,155c42
<  Enter choice ==>  b
<  TO BE DONE 
<  The graph is empty 
<  Enter choice ==>  4
<  INVALID MENU CHOICE ***
---
>  Adjacency list (3 nodes 3 edges): 
157,182c44,46
< ***************************************************************
< ***                                                         ***
< ***   h:   display this menu                                ***
< ***   u:   set the mode to undirected graph                 ***
< ***   i:   set the mode to directed graph                   ***
< ***   k:   display the mode (directed / undirected)         ***
< ***                                                         ***
< ***   d:   display the graph                                ***
< ***   m:   display the matrix                               ***
< ***                                                         ***
< ***   a:   add a  node to the graph                         ***
< ***   b:   add an edge to the graph                         ***
< ***   r:   remove a  node from the graph                    ***
< ***   s:   remove an edge from the graph                    ***
< ***                                                         ***
< ***   n:   find a  node in the graph                        ***
< ***   e:   find an edge in the graph                        ***
< ***                                                         ***
< ***   t:   Dijkstra + SPT                                   ***
< ***   v:   Floyd                                            ***
< ***   w:   Warshall                                         ***
< ***   x:   Prim                                             ***
< ***                                                         ***
< ***   q:   quit the program                                 ***
< ***                                                         ***
< ***************************************************************
---
>  a :  b( 1) c( 2)
>  b : 
>  c :  b( 4)
185,187d48
<  Enter choice ==>  d
<  TO BE DONE 
<  The graph is empty 
189,190c50,59
<  TO BE DONE 
<  The graph is empty 
---
>  ----------------
>  Adjacency Matrix
>  ----------------
>        a   b   c 
>  ----------------
>   a:   *   1   2 
>   b:   *   *   * 
>   c:   *   4   * 
>  ----------------
>  
*** Build and Test: comparing output script4 (diff)
34,35d33
<  TO BE DONE 
<  TO BE DONE 
37,38d34
<  TO BE DONE 
<  TO BE DONE 
40,85c36,40
<  TO BE DONE 
<  TO BE DONE 
<  Enter choice ==>  b
<  TO BE DONE 
<  The graph is empty 
<  Enter choice ==>  a Enter node:  b
<  TO BE DONE 
<  TO BE DONE 
<  Enter choice ==>  1
<  INVALID MENU CHOICE ***
< 
< ***************************************************************
< ***                                                         ***
< ***   h:   display this menu                                ***
< ***   u:   set the mode to undirected graph                 ***
< ***   i:   set the mode to directed graph                   ***
< ***   k:   display the mode (directed / undirected)         ***
< ***                                                         ***
< ***   d:   display the graph                                ***
< ***   m:   display the matrix                               ***
< ***                                                         ***
< ***   a:   add a  node to the graph                         ***
< ***   b:   add an edge to the graph                         ***
< ***   r:   remove a  node from the graph                    ***
< ***   s:   remove an edge from the graph                    ***
< ***                                                         ***
< ***   n:   find a  node in the graph                        ***
< ***   e:   find an edge in the graph                        ***
< ***                                                         ***
< ***   t:   Dijkstra + SPT                                   ***
< ***   v:   Floyd                                            ***
< ***   w:   Warshall                                         ***
< ***   x:   Prim                                             ***
< ***                                                         ***
< ***   q:   quit the program                                 ***
< ***                                                         ***
< ***************************************************************
< 
< 
<  Enter choice ==>  b
<  TO BE DONE 
<  The graph is empty 
<  Enter choice ==>  a Enter node:  c
<  TO BE DONE 
<  TO BE DONE 
<  Enter choice ==>  2
---
>  Enter choice ==>  b Enter node:  a Enter node:  b Enter weight:  1
>  Enter choice ==>  b Enter node:  a Enter node:  c Enter weight:  2
>  Enter choice ==>  b Enter node:  b Enter node:  a
>  *** ERROR Edge (b, a) already exists! 
>  Enter choice ==>  3
116,131c71,74
<  Enter choice ==>  b
<  TO BE DONE 
<  The graph is empty 
<  Enter choice ==>  b
<  TO BE DONE 
<  The graph is empty 
<  Enter choice ==>  a Enter node:  3
<  TO BE DONE 
<  TO BE DONE 
<  Enter choice ==>  b
<  TO BE DONE 
<  The graph is empty 
<  Enter choice ==>  b
<  TO BE DONE 
<  The graph is empty 
<  Enter choice ==>  c
---
>  Enter choice ==>  b Enter node:  b Enter node:  c Enter weight:  4
>  Enter choice ==>  b Enter node:  c Enter node:  a
>  *** ERROR Edge (c, a) already exists! 
>  Enter choice ==>  5
162c105,107
<  Enter choice ==>  4
---
>  Enter choice ==>  b Enter node:  c Enter node:  b
>  *** ERROR Edge (c, b) already exists! 
>  Enter choice ==>  6
193,197c138
<  Enter choice ==>  b
<  TO BE DONE 
<  The graph is empty 
<  Enter choice ==>  c
<  INVALID MENU CHOICE ***
---
>  Enter choice ==>  d
199,224c140
< ***************************************************************
< ***                                                         ***
< ***   h:   display this menu                                ***
< ***   u:   set the mode to undirected graph                 ***
< ***   i:   set the mode to directed graph                   ***
< ***   k:   display the mode (directed / undirected)         ***
< ***                                                         ***
< ***   d:   display the graph                                ***
< ***   m:   display the matrix                               ***
< ***                                                         ***
< ***   a:   add a  node to the graph                         ***
< ***   b:   add an edge to the graph                         ***
< ***   r:   remove a  node from the graph                    ***
< ***   s:   remove an edge from the graph                    ***
< ***                                                         ***
< ***   n:   find a  node in the graph                        ***
< ***   e:   find an edge in the graph                        ***
< ***                                                         ***
< ***   t:   Dijkstra + SPT                                   ***
< ***   v:   Floyd                                            ***
< ***   w:   Warshall                                         ***
< ***   x:   Prim                                             ***
< ***                                                         ***
< ***   q:   quit the program                                 ***
< ***                                                         ***
< ***************************************************************
---
>  Adjacency list (3 nodes 6 edges): 
225a142,144
>  a :  b( 1) c( 2)
>  b :  a( 1) c( 4)
>  c :  a( 2) b( 4)
227,234d145
<  Enter choice ==>  a Enter node:  5
<  TO BE DONE 
<  TO BE DONE 
<  Enter choice ==>  b
<  TO BE DONE 
<  The graph is empty 
<  Enter choice ==>  c
<  INVALID MENU CHOICE ***
236,261c147,159
< ***************************************************************
< ***                                                         ***
< ***   h:   display this menu                                ***
< ***   u:   set the mode to undirected graph                 ***
< ***   i:   set the mode to directed graph                   ***
< ***   k:   display the mode (directed / undirected)         ***
< ***                                                         ***
< ***   d:   display the graph                                ***
< ***   m:   display the matrix                               ***
< ***                                                         ***
< ***   a:   add a  node to the graph                         ***
< ***   b:   add an edge to the graph                         ***
< ***   r:   remove a  node from the graph                    ***
< ***   s:   remove an edge from the graph                    ***
< ***                                                         ***
< ***   n:   find a  node in the graph                        ***
< ***   e:   find an edge in the graph                        ***
< ***                                                         ***
< ***   t:   Dijkstra + SPT                                   ***
< ***   v:   Floyd                                            ***
< ***   w:   Warshall                                         ***
< ***   x:   Prim                                             ***
< ***                                                         ***
< ***   q:   quit the program                                 ***
< ***                                                         ***
< ***************************************************************
---
>  Enter choice ==>  m
>  ----------------
>  Adjacency Matrix
>  ----------------
>        a   b   c 
>  ----------------
>   a:   *   1   2 
>   b:   1   *   4 
>   c:   2   4   * 
>  ----------------
>  
>  Enter choice ==>  s Enter node:  a Enter node:  b
>  Enter choice ==>  d
262a161
>  Adjacency list (3 nodes 4 edges): 
264,268c163,165
<  Enter choice ==>  b
<  TO BE DONE 
<  The graph is empty 
<  Enter choice ==>  6
<  INVALID MENU CHOICE ***
---
>  a :  c( 2)
>  b :  c( 4)
>  c :  a( 2) b( 4)
270,295d166
< ***************************************************************
< ***                                                         ***
< ***   h:   display this menu                                ***
< ***   u:   set the mode to undirected graph                 ***
< ***   i:   set the mode to directed graph                   ***
< ***   k:   display the mode (directed / undirected)         ***
< ***                                                         ***
< ***   d:   display the graph                                ***
< ***   m:   display the matrix                               ***
< ***                                                         ***
< ***   a:   add a  node to the graph                         ***
< ***   b:   add an edge to the graph                         ***
< ***   r:   remove a  node from the graph                    ***
< ***   s:   remove an edge from the graph                    ***
< ***                                                         ***
< ***   n:   find a  node in the graph                        ***
< ***   e:   find an edge in the graph                        ***
< ***                                                         ***
< ***   t:   Dijkstra + SPT                                   ***
< ***   v:   Floyd                                            ***
< ***   w:   Warshall                                         ***
< ***   x:   Prim                                             ***
< ***                                                         ***
< ***   q:   quit the program                                 ***
< ***                                                         ***
< ***************************************************************
297,312d167
< 
<  Enter choice ==>  d
<  TO BE DONE 
<  The graph is empty 
<  Enter choice ==>  m
<  TO BE DONE 
<  The graph is empty 
<  Enter choice ==>  s
<  TO BE DONE 
<  The graph is empty 
<  Enter choice ==>  a Enter node:  b
<  TO BE DONE 
<  TO BE DONE 
<  Enter choice ==>  d
<  TO BE DONE 
<  The graph is empty 
314,315c169,178
<  TO BE DONE 
<  The graph is empty 
---
>  ----------------
>  Adjacency Matrix
>  ----------------
>        a   b   c 
>  ----------------
>   a:   *   *   2 
>   b:   *   *   4 
>   c:   2   4   * 
>  ----------------
>  
*** Build and Test: comparing output script5 (diff)
34d33
<  TO BE DONE 
37d35
<  TO BE DONE 
40d37
<  TO BE DONE 
43d39
<  TO BE DONE 
46d41
<  TO BE DONE 
49d43
<  TO BE DONE 
52,53d45
<  TO BE DONE 
<  TO BE DONE 
55,56d46
<  TO BE DONE 
<  TO BE DONE 
58,59d47
<  TO BE DONE 
<  TO BE DONE 
61,62d48
<  TO BE DONE 
<  TO BE DONE 
64,290d49
<  TO BE DONE 
<  The graph is empty 
<  Enter choice ==>  m
<  TO BE DONE 
<  The graph is empty 
<  Enter choice ==>  b
<  TO BE DONE 
<  The graph is empty 
<  Enter choice ==>  a Enter node:  b
<  TO BE DONE 
<  TO BE DONE 
<  Enter choice ==>  2
<  INVALID MENU CHOICE ***
< 
< ***************************************************************
< ***                                                         ***
< ***   h:   display this menu                                ***
< ***   u:   set the mode to undirected graph                 ***
< ***   i:   set the mode to directed graph                   ***
< ***   k:   display the mode (directed / undirected)         ***
< ***                                                         ***
< ***   d:   display the graph                                ***
< ***   m:   display the matrix                               ***
< ***                                                         ***
< ***   a:   add a  node to the graph                         ***
< ***   b:   add an edge to the graph                         ***
< ***   r:   remove a  node from the graph                    ***
< ***   s:   remove an edge from the graph                    ***
< ***                                                         ***
< ***   n:   find a  node in the graph                        ***
< ***   e:   find an edge in the graph                        ***
< ***                                                         ***
< ***   t:   Dijkstra + SPT                                   ***
< ***   v:   Floyd                                            ***
< ***   w:   Warshall                                         ***
< ***   x:   Prim                                             ***
< ***                                                         ***
< ***   q:   quit the program                                 ***
< ***                                                         ***
< ***************************************************************
< 
< 
<  Enter choice ==>  b
<  TO BE DONE 
<  The graph is empty 
<  Enter choice ==>  a Enter node:  c
<  TO BE DONE 
<  TO BE DONE 
<  Enter choice ==>  3
<  INVALID MENU CHOICE ***
< 
< ***************************************************************
< ***                                                         ***
< ***   h:   display this menu                                ***
< ***   u:   set the mode to undirected graph                 ***
< ***   i:   set the mode to directed graph                   ***
< ***   k:   display the mode (directed / undirected)         ***
< ***                                                         ***
< ***   d:   display the graph                                ***
< ***   m:   display the matrix                               ***
< ***                                                         ***
< ***   a:   add a  node to the graph                         ***
< ***   b:   add an edge to the graph                         ***
< ***   r:   remove a  node from the graph                    ***
< ***   s:   remove an edge from the graph                    ***
< ***                                                         ***
< ***   n:   find a  node in the graph                        ***
< ***   e:   find an edge in the graph                        ***
< ***                                                         ***
< ***   t:   Dijkstra + SPT                                   ***
< ***   v:   Floyd                                            ***
< ***   w:   Warshall                                         ***
< ***   x:   Prim                                             ***
< ***                                                         ***
< ***   q:   quit the program                                 ***
< ***                                                         ***
< ***************************************************************
< 
< 
<  Enter choice ==>  b
<  TO BE DONE 
<  The graph is empty 
<  Enter choice ==>  a Enter node:  d
<  TO BE DONE 
<  TO BE DONE 
<  Enter choice ==>  4
<  INVALID MENU CHOICE ***
< 
< ***************************************************************
< ***                                                         ***
< ***   h:   display this menu                                ***
< ***   u:   set the mode to undirected graph                 ***
< ***   i:   set the mode to directed graph                   ***
< ***   k:   display the mode (directed / undirected)         ***
< ***                                                         ***
< ***   d:   display the graph                                ***
< ***   m:   display the matrix                               ***
< ***                                                         ***
< ***   a:   add a  node to the graph                         ***
< ***   b:   add an edge to the graph                         ***
< ***   r:   remove a  node from the graph                    ***
< ***   s:   remove an edge from the graph                    ***
< ***                                                         ***
< ***   n:   find a  node in the graph                        ***
< ***   e:   find an edge in the graph                        ***
< ***                                                         ***
< ***   t:   Dijkstra + SPT                                   ***
< ***   v:   Floyd                                            ***
< ***   w:   Warshall                                         ***
< ***   x:   Prim                                             ***
< ***                                                         ***
< ***   q:   quit the program                                 ***
< ***                                                         ***
< ***************************************************************
< 
< 
<  Enter choice ==>  d
<  TO BE DONE 
<  The graph is empty 
<  Enter choice ==>  m
<  TO BE DONE 
<  The graph is empty 
<  Enter choice ==>  n
<  TO BE DONE 
<  The graph is empty 
<  Enter choice ==>  a Enter node:  n
<  TO BE DONE 
<  TO BE DONE 
<  Enter choice ==>  b
<  TO BE DONE 
<  The graph is empty 
<  Enter choice ==>  n
<  TO BE DONE 
<  The graph is empty 
<  Enter choice ==>  c
<  INVALID MENU CHOICE ***
< 
< ***************************************************************
< ***                                                         ***
< ***   h:   display this menu                                ***
< ***   u:   set the mode to undirected graph                 ***
< ***   i:   set the mode to directed graph                   ***
< ***   k:   display the mode (directed / undirected)         ***
< ***                                                         ***
< ***   d:   display the graph                                ***
< ***   m:   display the matrix                               ***
< ***                                                         ***
< ***   a:   add a  node to the graph                         ***
< ***   b:   add an edge to the graph                         ***
< ***   r:   remove a  node from the graph                    ***
< ***   s:   remove an edge from the graph                    ***
< ***                                                         ***
< ***   n:   find a  node in the graph                        ***
< ***   e:   find an edge in the graph                        ***
< ***                                                         ***
< ***   t:   Dijkstra + SPT                                   ***
< ***   v:   Floyd                                            ***
< ***   w:   Warshall                                         ***
< ***   x:   Prim                                             ***
< ***                                                         ***
< ***   q:   quit the program                                 ***
< ***                                                         ***
< ***************************************************************
< 
< 
<  Enter choice ==>  n
<  TO BE DONE 
<  The graph is empty 
<  Enter choice ==>  d
<  TO BE DONE 
<  The graph is empty 
<  Enter choice ==>  n
<  TO BE DONE 
<  The graph is empty 
<  Enter choice ==>  e
<  TO BE DONE 
<  The graph is empty 
<  Enter choice ==>  e
<  TO BE DONE 
<  The graph is empty 
<  Enter choice ==>  a Enter node:  b
<  TO BE DONE 
<  TO BE DONE 
<  Enter choice ==>  e
<  TO BE DONE 
<  The graph is empty 
<  Enter choice ==>  a Enter node:  c
<  TO BE DONE 
<  TO BE DONE 
<  Enter choice ==>  e
<  TO BE DONE 
<  The graph is empty 
<  Enter choice ==>  a Enter node:  d
<  TO BE DONE 
<  TO BE DONE 
<  Enter choice ==>  e
<  TO BE DONE 
<  The graph is empty 
<  Enter choice ==>  c
<  INVALID MENU CHOICE ***
< 
< ***************************************************************
< ***                                                         ***
< ***   h:   display this menu                                ***
< ***   u:   set the mode to undirected graph                 ***
< ***   i:   set the mode to directed graph                   ***
< ***   k:   display the mode (directed / undirected)         ***
< ***                                                         ***
< ***   d:   display the graph                                ***
< ***   m:   display the matrix                               ***
< ***                                                         ***
< ***   a:   add a  node to the graph                         ***
< ***   b:   add an edge to the graph                         ***
< ***   r:   remove a  node from the graph                    ***
< ***   s:   remove an edge from the graph                    ***
< ***                                                         ***
< ***   n:   find a  node in the graph                        ***
< ***   e:   find an edge in the graph                        ***
< ***                                                         ***
< ***   t:   Dijkstra + SPT                                   ***
< ***   v:   Floyd                                            ***
< ***   w:   Warshall                                         ***
< ***   x:   Prim                                             ***
< ***                                                         ***
< ***   q:   quit the program                                 ***
< ***                                                         ***
< ***************************************************************
291a51
>  Adjacency list (4 nodes 0 edges): 
293,313c53,139
<  Enter choice ==>  d
<  TO BE DONE 
<  The graph is empty 
<  Enter choice ==>  e
<  TO BE DONE 
<  The graph is empty 
<  Enter choice ==>  a Enter node:  x
<  TO BE DONE 
<  TO BE DONE 
<  Enter choice ==>  e
<  TO BE DONE 
<  The graph is empty 
<  Enter choice ==>  x
<  TO BE DONE 
<  The graph is empty 
<  Enter choice ==>  d
<  TO BE DONE 
<  The graph is empty 
<  Enter choice ==>  m
<  TO BE DONE 
<  The graph is empty 
---
>  a : 
>  b : 
>  c : 
>  d : 
> 
> 
>  Enter choice ==>  m
>  --------------------
>  Adjacency Matrix
>  --------------------
>        a   b   c   d 
>  --------------------
>   a:   *   *   *   * 
>   b:   *   *   *   * 
>   c:   *   *   *   * 
>   d:   *   *   *   * 
>  --------------------
>  
>  Enter choice ==>  b Enter node:  a Enter node:  b Enter weight:  2
>  Enter choice ==>  b Enter node:  a Enter node:  c Enter weight:  3
>  Enter choice ==>  b Enter node:  a Enter node:  d Enter weight:  4
>  Enter choice ==>  d
> 
>  Adjacency list (4 nodes 6 edges): 
> 
>  a :  b( 2) c( 3) d( 4)
>  b :  a( 2)
>  c :  a( 3)
>  d :  a( 4)
> 
> 
>  Enter choice ==>  m
>  --------------------
>  Adjacency Matrix
>  --------------------
>        a   b   c   d 
>  --------------------
>   a:   *   2   3   4 
>   b:   2   *   *   * 
>   c:   3   *   *   * 
>   d:   4   *   *   * 
>  --------------------
>  
>  Enter choice ==>  n Enter node:  a
>  Node a found in graph 
>  Enter choice ==>  n Enter node:  b
>  Node b found in graph 
>  Enter choice ==>  n Enter node:  c
>  Node c found in graph 
>  Enter choice ==>  n Enter node:  d
>  Node d found in graph 
>  Enter choice ==>  n Enter node:  e
>  Node e NOT found in graph 
>  Enter choice ==>  e Enter node:  a Enter node:  b
>  Edge (a, b) found in graph 
>  Enter choice ==>  e Enter node:  a Enter node:  c
>  Edge (a, c) found in graph 
>  Enter choice ==>  e Enter node:  a Enter node:  d
>  Edge (a, d) found in graph 
>  Enter choice ==>  e Enter node:  c Enter node:  d
>  Edge (c, d) NOT found in graph 
>  Enter choice ==>  e Enter node:  a Enter node:  x
>  *** ERROR Node x NOT in graph! 
>  Enter choice ==>  e Enter node:  x
>  *** ERROR Node x NOT in graph! 
>  Enter choice ==>  d
> 
>  Adjacency list (4 nodes 6 edges): 
> 
>  a :  b( 2) c( 3) d( 4)
>  b :  a( 2)
>  c :  a( 3)
>  d :  a( 4)
> 
> 
>  Enter choice ==>  m
>  --------------------
>  Adjacency Matrix
>  --------------------
>        a   b   c   d 
>  --------------------
>   a:   *   2   3   4 
>   b:   2   *   *   * 
>   c:   3   *   *   * 
>   d:   4   *   *   * 
>  --------------------
>  
315,316c141
<  TO BE DONE 
<  TO BE DONE 
---
>  *** ERROR Node a already exists! 
318,319c143
<  TO BE DONE 
<  TO BE DONE 
---
>  *** ERROR Node b already exists! 
321,322c145
<  TO BE DONE 
<  TO BE DONE 
---
>  *** ERROR Node c already exists! 
324,325c147
<  TO BE DONE 
<  TO BE DONE 
---
>  *** ERROR Node d already exists! 
327,328d148
<  TO BE DONE 
<  TO BE DONE 
330,387d149
<  TO BE DONE 
<  The graph is empty 
<  Enter choice ==>  m
<  TO BE DONE 
<  The graph is empty 
<  Enter choice ==>  b
<  TO BE DONE 
<  The graph is empty 
<  Enter choice ==>  a Enter node:  b
<  TO BE DONE 
<  TO BE DONE 
<  Enter choice ==>  b
<  TO BE DONE 
<  The graph is empty 
<  Enter choice ==>  a Enter node:  c
<  TO BE DONE 
<  TO BE DONE 
<  Enter choice ==>  b
<  TO BE DONE 
<  The graph is empty 
<  Enter choice ==>  a Enter node:  d
<  TO BE DONE 
<  TO BE DONE 
<  Enter choice ==>  b
<  TO BE DONE 
<  The graph is empty 
<  Enter choice ==>  a Enter node:  e
<  TO BE DONE 
<  TO BE DONE 
<  Enter choice ==>  1
<  INVALID MENU CHOICE ***
< 
< ***************************************************************
< ***                                                         ***
< ***   h:   display this menu                                ***
< ***   u:   set the mode to undirected graph                 ***
< ***   i:   set the mode to directed graph                   ***
< ***   k:   display the mode (directed / undirected)         ***
< ***                                                         ***
< ***   d:   display the graph                                ***
< ***   m:   display the matrix                               ***
< ***                                                         ***
< ***   a:   add a  node to the graph                         ***
< ***   b:   add an edge to the graph                         ***
< ***   r:   remove a  node from the graph                    ***
< ***   s:   remove an edge from the graph                    ***
< ***                                                         ***
< ***   n:   find a  node in the graph                        ***
< ***   e:   find an edge in the graph                        ***
< ***                                                         ***
< ***   t:   Dijkstra + SPT                                   ***
< ***   v:   Floyd                                            ***
< ***   w:   Warshall                                         ***
< ***   x:   Prim                                             ***
< ***                                                         ***
< ***   q:   quit the program                                 ***
< ***                                                         ***
< ***************************************************************
388a151
>  Adjacency list (5 nodes 6 edges): 
390,431c153,255
<  Enter choice ==>  d
<  TO BE DONE 
<  The graph is empty 
<  Enter choice ==>  m
<  TO BE DONE 
<  The graph is empty 
<  Enter choice ==>  s
<  TO BE DONE 
<  The graph is empty 
<  Enter choice ==>  a Enter node:  x
<  TO BE DONE 
<  TO BE DONE 
<  Enter choice ==>  s
<  TO BE DONE 
<  The graph is empty 
<  Enter choice ==>  x
<  TO BE DONE 
<  The graph is empty 
<  Enter choice ==>  s
<  TO BE DONE 
<  The graph is empty 
<  Enter choice ==>  a Enter node:  e
<  TO BE DONE 
<  TO BE DONE 
<  Enter choice ==>  d
<  TO BE DONE 
<  The graph is empty 
<  Enter choice ==>  m
<  TO BE DONE 
<  The graph is empty 
<  Enter choice ==>  r
<  TO BE DONE 
<  The graph is empty 
<  Enter choice ==>  e
<  TO BE DONE 
<  The graph is empty 
<  Enter choice ==>  d
<  TO BE DONE 
<  The graph is empty 
<  Enter choice ==>  m
<  TO BE DONE 
<  The graph is empty 
---
>  a :  b( 2) c( 3) d( 4)
>  b :  a( 2)
>  c :  a( 3)
>  d :  a( 4)
>  e : 
> 
> 
>  Enter choice ==>  m
>  ------------------------
>  Adjacency Matrix
>  ------------------------
>        a   b   c   d   e 
>  ------------------------
>   a:   *   2   3   4   * 
>   b:   2   *   *   *   * 
>   c:   3   *   *   *   * 
>   d:   4   *   *   *   * 
>   e:   *   *   *   *   * 
>  ------------------------
>  
>  Enter choice ==>  b Enter node:  a Enter node:  b
>  *** ERROR Edge (a, b) already exists! 
>  Enter choice ==>  b Enter node:  a Enter node:  c
>  *** ERROR Edge (a, c) already exists! 
>  Enter choice ==>  b Enter node:  a Enter node:  d
>  *** ERROR Edge (a, d) already exists! 
>  Enter choice ==>  b Enter node:  a Enter node:  e Enter weight:  11
>  Enter choice ==>  d
> 
>  Adjacency list (5 nodes 8 edges): 
> 
>  a :  b( 2) c( 3) d( 4) e(11)
>  b :  a( 2)
>  c :  a( 3)
>  d :  a( 4)
>  e :  a(11)
> 
> 
>  Enter choice ==>  m
>  ------------------------
>  Adjacency Matrix
>  ------------------------
>        a   b   c   d   e 
>  ------------------------
>   a:   *   2   3   4  11 
>   b:   2   *   *   *   * 
>   c:   3   *   *   *   * 
>   d:   4   *   *   *   * 
>   e:  11   *   *   *   * 
>  ------------------------
>  
>  Enter choice ==>  s Enter node:  a Enter node:  x
>  *** ERROR Node x NOT in graph! 
>  Enter choice ==>  s Enter node:  x
>  *** ERROR Node x NOT in graph! 
>  Enter choice ==>  s Enter node:  a Enter node:  e
>  Enter choice ==>  d
> 
>  Adjacency list (5 nodes 6 edges): 
> 
>  a :  b( 2) c( 3) d( 4)
>  b :  a( 2)
>  c :  a( 3)
>  d :  a( 4)
>  e : 
> 
> 
>  Enter choice ==>  m
>  ------------------------
>  Adjacency Matrix
>  ------------------------
>        a   b   c   d   e 
>  ------------------------
>   a:   *   2   3   4   * 
>   b:   2   *   *   *   * 
>   c:   3   *   *   *   * 
>   d:   4   *   *   *   * 
>   e:   *   *   *   *   * 
>  ------------------------
>  
>  Enter choice ==>  r Enter node:  e
>  Enter choice ==>  d
> 
>  Adjacency list (4 nodes 6 edges): 
> 
>  a :  b( 2) c( 3) d( 4)
>  b :  a( 2)
>  c :  a( 3)
>  d :  a( 4)
> 
> 
>  Enter choice ==>  m
>  --------------------
>  Adjacency Matrix
>  --------------------
>        a   b   c   d 
>  --------------------
>   a:   *   2   3   4 
>   b:   2   *   *   * 
>   c:   3   *   *   * 
>   d:   4   *   *   * 
>  --------------------
>  
*** cleaning up ...
...tests finished
