*** tests starting
*** compiling modules: frontend
*** compiling modules: backend
*** Build and Test: saving previous output
*** Build and Test: compiling system
*** Build and Test: running script1
*** Build and Test: running script2
*** Build and Test: running script3
*** Build and Test: running script4
*** Build and Test: running script5
*** Build and Test: running dgraph0
*** Build and Test: running dgraph1
*** Build and Test: running dgraph2
*** Build and Test: running dgraph3
*** Build and Test: running dgraph4
*** Build and Test: running dgraph5
*** Build and Test: running ugraph0
*** Build and Test: running ugraph1
*** Build and Test: running ugraph2
*** Build and Test: running ugraph3
*** Build and Test: running ugraph4
*** Build and Test: running ugraph5
*** Build and Test: running ugraph6
*** Build and Test: comparing output script1 (diff)
*** Build and Test: comparing output script2 (diff)
*** Build and Test: comparing output script3 (diff)
*** Build and Test: comparing output script4 (diff)
*** Build and Test: comparing output script5 (diff)
*** Build and Test: comparing output dgraph0 (diff)
*** Build and Test: comparing output dgraph1 (diff)
71,72c71,79
< Dijkstra + SPT
< N:      a      b      c      d      e
---
>  ------------------------
>  Dijkstra + SPT
>  ------------------------
>        a   b   c   d   e 
>  ------------------------
>  D:    *  13  42  12  20 
>  E:    *   a   d   a   a 
>  L:    *  13  30  12  20 
>  ------------------------
74,76d80
< D:      *     13     42     12     20
< E:      *      a      d      a      a
< L:      *     13     30     12     20
91,92c95,103
< Dijkstra + SPT
< N:      a      b      c      d      e
---
>  ------------------------
>  Dijkstra + SPT
>  ------------------------
>        a   b   c   d   e 
>  ------------------------
>  D:    *   *  60   *  110 
>  E:    b   *   b   b   c 
>  L:    *   *  60   *  50 
>  ------------------------
94,96d104
< D:      *      *     60      *    110
< E:      b      *      b      b      c
< L:      *      *     60      *     50
111,112c119,127
< Dijkstra + SPT
< N:      a      b      c      d      e
---
>  ------------------------
>  Dijkstra + SPT
>  ------------------------
>        a   b   c   d   e 
>  ------------------------
>  D:    *   *   *   *  50 
>  E:    c   c   *   c   c 
>  L:    *   *   *   *  50 
>  ------------------------
114,116d128
< D:      *      *      *      *     50
< E:      c      c      *      c      c
< L:      *      *      *      *     50
131,132c143,151
< Dijkstra + SPT
< N:      a      b      c      d      e
---
>  ------------------------
>  Dijkstra + SPT
>  ------------------------
>        a   b   c   d   e 
>  ------------------------
>  D:    *   *  30   *  40 
>  E:    d   d   d   *   d 
>  L:    *   *  30   *  40 
>  ------------------------
134,136d152
< D:      *      *     30      *     40
< E:      d      d      d      *      d
< L:      *      *     30      *     40
151,152c167,175
< Dijkstra + SPT
< N:      a      b      c      d      e
---
>  ------------------------
>  Dijkstra + SPT
>  ------------------------
>        a   b   c   d   e 
>  ------------------------
>  D:    *   *   *   *   * 
>  E:    e   e   e   e   * 
>  L:    *   *   *   *   * 
>  ------------------------
154,156d176
< D:      *      *      *      *      *
< E:      e      e      e      e      *
< L:      *      *      *      *      *
*** Build and Test: comparing output dgraph2 (diff)
70,71c70,78
< Dijkstra + SPT
< N:      a      b      c      d      e
---
>  ------------------------
>  Dijkstra + SPT
>  ------------------------
>        a   b   c   d   e 
>  ------------------------
>  D:    *  10  50  30  60 
>  E:    *   a   d   a   c 
>  L:    *  10  20  30  10 
>  ------------------------
73,75d79
< D:      *     10     50     30     60
< E:      *      a      d      a      c
< L:      *     10     20     30     10
90,91c94,102
< Dijkstra + SPT
< N:      a      b      c      d      e
---
>  ------------------------
>  Dijkstra + SPT
>  ------------------------
>        a   b   c   d   e 
>  ------------------------
>  D:    *   *  50   *  60 
>  E:    b   *   b   b   c 
>  L:    *   *  50   *  10 
>  ------------------------
93,95d103
< D:      *      *     50      *     60
< E:      b      *      b      b      c
< L:      *      *     50      *     10
110,111c118,126
< Dijkstra + SPT
< N:      a      b      c      d      e
---
>  ------------------------
>  Dijkstra + SPT
>  ------------------------
>        a   b   c   d   e 
>  ------------------------
>  D:    *   *   *   *  10 
>  E:    c   c   *   c   c 
>  L:    *   *   *   *  10 
>  ------------------------
113,115d127
< D:      *      *      *      *     10
< E:      c      c      *      c      c
< L:      *      *      *      *     10
130,131c142,150
< Dijkstra + SPT
< N:      a      b      c      d      e
---
>  ------------------------
>  Dijkstra + SPT
>  ------------------------
>        a   b   c   d   e 
>  ------------------------
>  D:    *   *  20   *  30 
>  E:    d   d   d   *   c 
>  L:    *   *  20   *  10 
>  ------------------------
133,135d151
< D:      *      *     20      *     30
< E:      d      d      d      *      c
< L:      *      *     20      *     10
150,151c166,174
< Dijkstra + SPT
< N:      a      b      c      d      e
---
>  ------------------------
>  Dijkstra + SPT
>  ------------------------
>        a   b   c   d   e 
>  ------------------------
>  D:    *   *   *   *   * 
>  E:    e   e   e   e   * 
>  L:    *   *   *   *   * 
>  ------------------------
153,155d175
< D:      *      *      *      *      *
< E:      e      e      e      e      *
< L:      *      *      *      *      *
*** Build and Test: comparing output dgraph3 (diff)
64,65c64,72
< Dijkstra + SPT
< N:      a      b      c      d
---
>  --------------------
>  Dijkstra + SPT
>  --------------------
>        a   b   c   d 
>  --------------------
>  D:    *   1   2   2 
>  E:    *   a   a   b 
>  L:    *   1   2   1 
>  --------------------
67,69d73
< D:      *      1      2      2
< E:      *      a      a      b
< L:      *      1      2      1
83,84c87,95
< Dijkstra + SPT
< N:      a      b      c      d
---
>  --------------------
>  Dijkstra + SPT
>  --------------------
>        a   b   c   d 
>  --------------------
>  D:    *   *   *   1 
>  E:    b   *   b   b 
>  L:    *   *   *   1 
>  --------------------
86,88d96
< D:      *      *      *      1
< E:      b      *      b      b
< L:      *      *      *      1
102,103c110,118
< Dijkstra + SPT
< N:      a      b      c      d
---
>  --------------------
>  Dijkstra + SPT
>  --------------------
>        a   b   c   d 
>  --------------------
>  D:    *   *   *   3 
>  E:    c   c   *   c 
>  L:    *   *   *   3 
>  --------------------
105,107d119
< D:      *      *      *      3
< E:      c      c      *      c
< L:      *      *      *      3
121,122c133,141
< Dijkstra + SPT
< N:      a      b      c      d
---
>  --------------------
>  Dijkstra + SPT
>  --------------------
>        a   b   c   d 
>  --------------------
>  D:    *   *   *   * 
>  E:    d   d   d   * 
>  L:    *   *   *   * 
>  --------------------
124,126d142
< D:      *      *      *      *
< E:      d      d      d      *
< L:      *      *      *      *
*** Build and Test: comparing output dgraph4 (diff)
70,71c70,78
< Dijkstra + SPT
< N:      a      b      c      d      e
---
>  ------------------------
>  Dijkstra + SPT
>  ------------------------
>        a   b   c   d   e 
>  ------------------------
>  D:    *  33  82  32  40 
>  E:    *   a   d   a   a 
>  L:    *  33  50  32  40 
>  ------------------------
73,75d79
< D:      *     33     82     32     40
< E:      *      a      d      a      a
< L:      *     33     50     32     40
90,91c94,102
< Dijkstra + SPT
< N:      a      b      c      d      e
---
>  ------------------------
>  Dijkstra + SPT
>  ------------------------
>        a   b   c   d   e 
>  ------------------------
>  D:    *   *  80   *  150 
>  E:    b   *   b   b   c 
>  L:    *   *  80   *  70 
>  ------------------------
93,95d103
< D:      *      *     80      *    150
< E:      b      *      b      b      c
< L:      *      *     80      *     70
110,111c118,126
< Dijkstra + SPT
< N:      a      b      c      d      e
---
>  ------------------------
>  Dijkstra + SPT
>  ------------------------
>        a   b   c   d   e 
>  ------------------------
>  D:    *   *   *   *  70 
>  E:    c   c   *   c   c 
>  L:    *   *   *   *  70 
>  ------------------------
113,115d127
< D:      *      *      *      *     70
< E:      c      c      *      c      c
< L:      *      *      *      *     70
130,131c142,150
< Dijkstra + SPT
< N:      a      b      c      d      e
---
>  ------------------------
>  Dijkstra + SPT
>  ------------------------
>        a   b   c   d   e 
>  ------------------------
>  D:    *   *  50   *  60 
>  E:    d   d   d   *   d 
>  L:    *   *  50   *  60 
>  ------------------------
133,135d151
< D:      *      *     50      *     60
< E:      d      d      d      *      d
< L:      *      *     50      *     60
150,151c166,174
< Dijkstra + SPT
< N:      a      b      c      d      e
---
>  ------------------------
>  Dijkstra + SPT
>  ------------------------
>        a   b   c   d   e 
>  ------------------------
>  D:    *   *   *   *   * 
>  E:    e   e   e   e   * 
>  L:    *   *   *   *   * 
>  ------------------------
153,155d175
< D:      *      *      *      *      *
< E:      e      e      e      e      *
< L:      *      *      *      *      *
*** Build and Test: comparing output dgraph5 (diff)
61,62c61,69
< Dijkstra + SPT
< N:      a      b      c
---
>  ----------------
>  Dijkstra + SPT
>  ----------------
>        a   b   c 
>  ----------------
>  D:    *   7   5 
>  E:    *   c   a 
>  L:    *   2   5 
>  ----------------
64,66d70
< D:      *      7      5
< E:      *      c      a
< L:      *      2      5
79,80c83,91
< Dijkstra + SPT
< N:      a      b      c
---
>  ----------------
>  Dijkstra + SPT
>  ----------------
>        a   b   c 
>  ----------------
>  D:    3   *   8 
>  E:    b   *   a 
>  L:    3   *   5 
>  ----------------
82,84d92
< D:      3      *      8
< E:      b      *      a
< L:      3      *      5
97,98c105,113
< Dijkstra + SPT
< N:      a      b      c
---
>  ----------------
>  Dijkstra + SPT
>  ----------------
>        a   b   c 
>  ----------------
>  D:    5   2   * 
>  E:    b   c   * 
>  L:    3   2   * 
>  ----------------
100,102d114
< D:      5      2      *
< E:      b      c      *
< L:      3      2      *
*** Build and Test: comparing output ugraph0 (diff)
*** Build and Test: comparing output ugraph1 (diff)
75,76c75,83
< Dijkstra + SPT
< N:      a      b      c      d      e      f
---
>  ----------------------------
>  Dijkstra + SPT
>  ----------------------------
>        a   b   c   d   e   f 
>  ----------------------------
>  D:    *   6   1   5   7   5 
>  E:    *   a   a   a   c   c 
>  L:    *   6   1   5   6   4 
>  ----------------------------
78,80d84
< D:      *      6      1      5      7      5
< E:      *      a      a      a      c      c
< L:      *      6      1      5      6      4
96,97c100,108
< Dijkstra + SPT
< N:      a      b      c      d      e      f
---
>  ----------------------------
>  Dijkstra + SPT
>  ----------------------------
>        a   b   c   d   e   f 
>  ----------------------------
>  D:    6   *   5  10   3   9 
>  E:    b   *   b   c   b   e 
>  L:    6   *   5   5   3   6 
>  ----------------------------
99,101d109
< D:      6      *      5     10      3      9
< E:      b      *      b      c      b      e
< L:      6      *      5      5      3      6
117,118c125,133
< Dijkstra + SPT
< N:      a      b      c      d      e      f
---
>  ----------------------------
>  Dijkstra + SPT
>  ----------------------------
>        a   b   c   d   e   f 
>  ----------------------------
>  D:    1   5   *   5   6   4 
>  E:    c   c   *   c   c   c 
>  L:    1   5   *   5   6   4 
>  ----------------------------
120,122d134
< D:      1      5      *      5      6      4
< E:      c      c      *      c      c      c
< L:      1      5      *      5      6      4
138,139c150,158
< Dijkstra + SPT
< N:      a      b      c      d      e      f
---
>  ----------------------------
>  Dijkstra + SPT
>  ----------------------------
>        a   b   c   d   e   f 
>  ----------------------------
>  D:    5  10   5   *   8   2 
>  E:    d   c   d   *   f   d 
>  L:    5   5   5   *   6   2 
>  ----------------------------
141,143d159
< D:      5     10      5      *      8      2
< E:      d      c      d      *      f      d
< L:      5      5      5      *      6      2
159,160c175,183
< Dijkstra + SPT
< N:      a      b      c      d      e      f
---
>  ----------------------------
>  Dijkstra + SPT
>  ----------------------------
>        a   b   c   d   e   f 
>  ----------------------------
>  D:    7   3   6   8   *   6 
>  E:    c   e   e   f   *   e 
>  L:    1   3   6   2   *   6 
>  ----------------------------
162,164d184
< D:      7      3      6      8      *      6
< E:      c      e      e      f      *      e
< L:      1      3      6      2      *      6
180,181c200,208
< Dijkstra + SPT
< N:      a      b      c      d      e      f
---
>  ----------------------------
>  Dijkstra + SPT
>  ----------------------------
>        a   b   c   d   e   f 
>  ----------------------------
>  D:    5   9   4   2   6   * 
>  E:    c   c   f   f   f   * 
>  L:    1   5   4   2   6   * 
>  ----------------------------
183,185d209
< D:      5      9      4      2      6      *
< E:      c      c      f      f      f      *
< L:      1      5      4      2      6      *
215,222c239,249
< Prim + MST
< N:       a      b      c      d      e      f
< 
< lc:      *      5      1      2      3      4
< cl:      *      c      a      f      b      c
< 
< MST sum is: 15
< 
---
>  ----------------------------
>  Prim + MST
>  ----------------------------
>        a   b   c   d   e   f 
>  ----------------------------
>  lc:   *   5   1   2   3   4 
>  cl:   *   c   a   f   b   c 
>  ----------------------------
>  MST sum is 15 
>  ----------------------------
>  
224,231c251,261
< Prim + MST
< N:       a      b      c      d      e      f
< 
< lc:      1      *      5      2      3      4
< cl:      c      *      b      f      b      c
< 
< MST sum is: 15
< 
---
>  ----------------------------
>  Prim + MST
>  ----------------------------
>        a   b   c   d   e   f 
>  ----------------------------
>  lc:   1   *   5   2   3   4 
>  cl:   c   *   b   f   b   c 
>  ----------------------------
>  MST sum is 15 
>  ----------------------------
>  
233,240c263,273
< Prim + MST
< N:       a      b      c      d      e      f
< 
< lc:      1      5      *      2      3      4
< cl:      c      c      *      f      b      c
< 
< MST sum is: 15
< 
---
>  ----------------------------
>  Prim + MST
>  ----------------------------
>        a   b   c   d   e   f 
>  ----------------------------
>  lc:   1   5   *   2   3   4 
>  cl:   c   c   *   f   b   c 
>  ----------------------------
>  MST sum is 15 
>  ----------------------------
>  
242,249c275,285
< Prim + MST
< N:       a      b      c      d      e      f
< 
< lc:      1      5      4      *      3      2
< cl:      c      c      f      *      b      d
< 
< MST sum is: 15
< 
---
>  ----------------------------
>  Prim + MST
>  ----------------------------
>        a   b   c   d   e   f 
>  ----------------------------
>  lc:   1   5   4   *   3   2 
>  cl:   c   c   f   *   b   d 
>  ----------------------------
>  MST sum is 15 
>  ----------------------------
>  
251,258c287,297
< Prim + MST
< N:       a      b      c      d      e      f
< 
< lc:      1      3      5      2      *      4
< cl:      c      e      b      f      *      c
< 
< MST sum is: 15
< 
---
>  ----------------------------
>  Prim + MST
>  ----------------------------
>        a   b   c   d   e   f 
>  ----------------------------
>  lc:   1   3   5   2   *   4 
>  cl:   c   e   b   f   *   c 
>  ----------------------------
>  MST sum is 15 
>  ----------------------------
>  
260,267c299,309
< Prim + MST
< N:       a      b      c      d      e      f
< 
< lc:      1      5      4      2      3      *
< cl:      c      c      f      f      b      *
< 
< MST sum is: 15
< 
---
>  ----------------------------
>  Prim + MST
>  ----------------------------
>        a   b   c   d   e   f 
>  ----------------------------
>  lc:   1   5   4   2   3   * 
>  cl:   c   c   f   f   b   * 
>  ----------------------------
>  MST sum is 15 
>  ----------------------------
>  
*** Build and Test: comparing output ugraph2 (diff)
75,76c75,83
< Dijkstra + SPT
< N:      a      b      c      d      e      f
---
>  ----------------------------
>  Dijkstra + SPT
>  ----------------------------
>        a   b   c   d   e   f 
>  ----------------------------
>  D:    *   5   1   4   2   2 
>  E:    *   e   a   f   c   c 
>  L:    *   3   1   2   1   1 
>  ----------------------------
78,80d84
< D:      *      5      1      4      2      2
< E:      *      e      a      f      c      c
< L:      *      3      1      2      1      1
96,97c100,108
< Dijkstra + SPT
< N:      a      b      c      d      e      f
---
>  ----------------------------
>  Dijkstra + SPT
>  ----------------------------
>        a   b   c   d   e   f 
>  ----------------------------
>  D:    5   *   4   7   3   5 
>  E:    c   *   e   f   b   c 
>  L:    1   *   1   2   3   1 
>  ----------------------------
99,101d109
< D:      5      *      4      7      3      5
< E:      c      *      e      f      b      c
< L:      1      *      1      2      3      1
117,118c125,133
< Dijkstra + SPT
< N:      a      b      c      d      e      f
---
>  ----------------------------
>  Dijkstra + SPT
>  ----------------------------
>        a   b   c   d   e   f 
>  ----------------------------
>  D:    1   4   *   3   1   1 
>  E:    c   e   *   f   c   c 
>  L:    1   3   *   2   1   1 
>  ----------------------------
120,122d134
< D:      1      4      *      3      1      1
< E:      c      e      *      f      c      c
< L:      1      3      *      2      1      1
138,139c150,158
< Dijkstra + SPT
< N:      a      b      c      d      e      f
---
>  ----------------------------
>  Dijkstra + SPT
>  ----------------------------
>        a   b   c   d   e   f 
>  ----------------------------
>  D:    4   7   3   *   4   2 
>  E:    c   e   f   *   c   d 
>  L:    1   3   1   *   1   2 
>  ----------------------------
141,143d159
< D:      4      7      3      *      4      2
< E:      c      e      f      *      c      d
< L:      1      3      1      *      1      2
159,160c175,183
< Dijkstra + SPT
< N:      a      b      c      d      e      f
---
>  ----------------------------
>  Dijkstra + SPT
>  ----------------------------
>        a   b   c   d   e   f 
>  ----------------------------
>  D:    2   3   1   4   *   2 
>  E:    c   e   e   f   *   c 
>  L:    1   3   1   2   *   1 
>  ----------------------------
162,164d184
< D:      2      3      1      4      *      2
< E:      c      e      e      f      *      c
< L:      1      3      1      2      *      1
180,181c200,208
< Dijkstra + SPT
< N:      a      b      c      d      e      f
---
>  ----------------------------
>  Dijkstra + SPT
>  ----------------------------
>        a   b   c   d   e   f 
>  ----------------------------
>  D:    2   5   1   2   2   * 
>  E:    c   e   f   f   c   * 
>  L:    1   3   1   2   1   * 
>  ----------------------------
183,185d209
< D:      2      5      1      2      2      *
< E:      c      e      f      f      c      *
< L:      1      3      1      2      1      *
215,222c239,249
< Prim + MST
< N:       a      b      c      d      e      f
< 
< lc:      *      3      1      2      1      1
< cl:      *      e      a      f      c      c
< 
< MST sum is: 8
< 
---
>  ----------------------------
>  Prim + MST
>  ----------------------------
>        a   b   c   d   e   f 
>  ----------------------------
>  lc:   *   3   1   2   1   1 
>  cl:   *   e   a   f   c   c 
>  ----------------------------
>  MST sum is 8 
>  ----------------------------
>  
224,231c251,261
< Prim + MST
< N:       a      b      c      d      e      f
< 
< lc:      1      *      1      2      3      1
< cl:      c      *      e      f      b      c
< 
< MST sum is: 8
< 
---
>  ----------------------------
>  Prim + MST
>  ----------------------------
>        a   b   c   d   e   f 
>  ----------------------------
>  lc:   1   *   1   2   3   1 
>  cl:   c   *   e   f   b   c 
>  ----------------------------
>  MST sum is 8 
>  ----------------------------
>  
233,240c263,273
< Prim + MST
< N:       a      b      c      d      e      f
< 
< lc:      1      3      *      2      1      1
< cl:      c      e      *      f      c      c
< 
< MST sum is: 8
< 
---
>  ----------------------------
>  Prim + MST
>  ----------------------------
>        a   b   c   d   e   f 
>  ----------------------------
>  lc:   1   3   *   2   1   1 
>  cl:   c   e   *   f   c   c 
>  ----------------------------
>  MST sum is 8 
>  ----------------------------
>  
242,249c275,285
< Prim + MST
< N:       a      b      c      d      e      f
< 
< lc:      1      3      1      *      1      2
< cl:      c      e      f      *      c      d
< 
< MST sum is: 8
< 
---
>  ----------------------------
>  Prim + MST
>  ----------------------------
>        a   b   c   d   e   f 
>  ----------------------------
>  lc:   1   3   1   *   1   2 
>  cl:   c   e   f   *   c   d 
>  ----------------------------
>  MST sum is 8 
>  ----------------------------
>  
251,258c287,297
< Prim + MST
< N:       a      b      c      d      e      f
< 
< lc:      1      3      1      2      *      1
< cl:      c      e      e      f      *      c
< 
< MST sum is: 8
< 
---
>  ----------------------------
>  Prim + MST
>  ----------------------------
>        a   b   c   d   e   f 
>  ----------------------------
>  lc:   1   3   1   2   *   1 
>  cl:   c   e   e   f   *   c 
>  ----------------------------
>  MST sum is 8 
>  ----------------------------
>  
260,267c299,309
< Prim + MST
< N:       a      b      c      d      e      f
< 
< lc:      1      3      1      2      1      *
< cl:      c      e      f      f      c      *
< 
< MST sum is: 8
< 
---
>  ----------------------------
>  Prim + MST
>  ----------------------------
>        a   b   c   d   e   f 
>  ----------------------------
>  lc:   1   3   1   2   1   * 
>  cl:   c   e   f   f   c   * 
>  ----------------------------
>  MST sum is 8 
>  ----------------------------
>  
*** Build and Test: comparing output ugraph3 (diff)
77,78c77,85
< Dijkstra + SPT
< N:      a      b      c      d      e      f
---
>  ----------------------------
>  Dijkstra + SPT
>  ----------------------------
>        a   b   c   d   e   f 
>  ----------------------------
>  D:    *  20  36  34  44  60 
>  E:    *   a   a   a   b   d 
>  L:    *  20  36  34  24  26 
>  ----------------------------
80,82d86
< D:      *     20     36     34     44     60
< E:      *      a      a      a      b      d
< L:      *     20     36     34     24     26
98,99c102,110
< Dijkstra + SPT
< N:      a      b      c      d      e      f
---
>  ----------------------------
>  Dijkstra + SPT
>  ----------------------------
>        a   b   c   d   e   f 
>  ----------------------------
>  D:   20   *  22  50  24  60 
>  E:    b   *   b   c   b   c 
>  L:   20   *  22  28  24  38 
>  ----------------------------
101,103d111
< D:     20      *     22     50     24     60
< E:      b      *      b      c      b      c
< L:     20      *     22     28     24     38
119,120c127,135
< Dijkstra + SPT
< N:      a      b      c      d      e      f
---
>  ----------------------------
>  Dijkstra + SPT
>  ----------------------------
>        a   b   c   d   e   f 
>  ----------------------------
>  D:   36  22   *  28  30  38 
>  E:    c   c   *   c   c   c 
>  L:   36  22   *  28  30  38 
>  ----------------------------
122,124d136
< D:     36     22      *     28     30     38
< E:      c      c      *      c      c      c
< L:     36     22      *     28     30     38
140,141c152,160
< Dijkstra + SPT
< N:      a      b      c      d      e      f
---
>  ----------------------------
>  Dijkstra + SPT
>  ----------------------------
>        a   b   c   d   e   f 
>  ----------------------------
>  D:   34  50  28   *  58  26 
>  E:    d   c   d   *   c   d 
>  L:   34  22  28   *  30  26 
>  ----------------------------
143,145d161
< D:     34     50     28      *     58     26
< E:      d      c      d      *      c      d
< L:     34     22     28      *     30     26
161,162c177,185
< Dijkstra + SPT
< N:      a      b      c      d      e      f
---
>  ----------------------------
>  Dijkstra + SPT
>  ----------------------------
>        a   b   c   d   e   f 
>  ----------------------------
>  D:   44  24  30  58   *  36 
>  E:    b   e   e   c   *   e 
>  L:   20  24  30  28   *  36 
>  ----------------------------
164,166d186
< D:     44     24     30     58      *     36
< E:      b      e      e      c      *      e
< L:     20     24     30     28      *     36
182,183c202,210
< Dijkstra + SPT
< N:      a      b      c      d      e      f
---
>  ----------------------------
>  Dijkstra + SPT
>  ----------------------------
>        a   b   c   d   e   f 
>  ----------------------------
>  D:   60  60  38  26  36   * 
>  E:    d   e   f   f   f   * 
>  L:   34  24  38  26  36   * 
>  ----------------------------
185,187d211
< D:     60     60     38     26     36      *
< E:      d      e      f      f      f      *
< L:     34     24     38     26     36      *
217,224c241,251
< Prim + MST
< N:       a      b      c      d      e      f
< 
< lc:      *     20     22     28     24     26
< cl:      *      a      b      c      b      d
< 
< MST sum is: 120
< 
---
>  ----------------------------
>  Prim + MST
>  ----------------------------
>        a   b   c   d   e   f 
>  ----------------------------
>  lc:   *  20  22  28  24  26 
>  cl:   *   a   b   c   b   d 
>  ----------------------------
>  MST sum is 120 
>  ----------------------------
>  
226,233c253,263
< Prim + MST
< N:       a      b      c      d      e      f
< 
< lc:     20      *     22     28     24     26
< cl:      b      *      b      c      b      d
< 
< MST sum is: 120
< 
---
>  ----------------------------
>  Prim + MST
>  ----------------------------
>        a   b   c   d   e   f 
>  ----------------------------
>  lc:  20   *  22  28  24  26 
>  cl:   b   *   b   c   b   d 
>  ----------------------------
>  MST sum is 120 
>  ----------------------------
>  
235,242c265,275
< Prim + MST
< N:       a      b      c      d      e      f
< 
< lc:     20     22      *     28     24     26
< cl:      b      c      *      c      b      d
< 
< MST sum is: 120
< 
---
>  ----------------------------
>  Prim + MST
>  ----------------------------
>        a   b   c   d   e   f 
>  ----------------------------
>  lc:  20  22   *  28  24  26 
>  cl:   b   c   *   c   b   d 
>  ----------------------------
>  MST sum is 120 
>  ----------------------------
>  
244,251c277,287
< Prim + MST
< N:       a      b      c      d      e      f
< 
< lc:     20     22     28      *     24     26
< cl:      b      c      d      *      b      d
< 
< MST sum is: 120
< 
---
>  ----------------------------
>  Prim + MST
>  ----------------------------
>        a   b   c   d   e   f 
>  ----------------------------
>  lc:  20  22  28   *  24  26 
>  cl:   b   c   d   *   b   d 
>  ----------------------------
>  MST sum is 120 
>  ----------------------------
>  
253,260c289,299
< Prim + MST
< N:       a      b      c      d      e      f
< 
< lc:     20     24     22     28      *     26
< cl:      b      e      b      c      *      d
< 
< MST sum is: 120
< 
---
>  ----------------------------
>  Prim + MST
>  ----------------------------
>        a   b   c   d   e   f 
>  ----------------------------
>  lc:  20  24  22  28   *  26 
>  cl:   b   e   b   c   *   d 
>  ----------------------------
>  MST sum is 120 
>  ----------------------------
>  
262,269c301,311
< Prim + MST
< N:       a      b      c      d      e      f
< 
< lc:     20     22     28     26     24      *
< cl:      b      c      d      f      b      *
< 
< MST sum is: 120
< 
---
>  ----------------------------
>  Prim + MST
>  ----------------------------
>        a   b   c   d   e   f 
>  ----------------------------
>  lc:  20  22  28  26  24   * 
>  cl:   b   c   d   f   b   * 
>  ----------------------------
>  MST sum is 120 
>  ----------------------------
>  
*** Build and Test: comparing output ugraph4 (diff)
75,76c75,83
< Dijkstra + SPT
< N:      a      b      c      d      e      f
---
>  ----------------------------
>  Dijkstra + SPT
>  ----------------------------
>        a   b   c   d   e   f 
>  ----------------------------
>  D:    *   4   3   7   8  10 
>  E:    *   c   a   a   c   d 
>  L:    *   1   3   7   5   3 
>  ----------------------------
78,80d84
< D:      *      4      3      7      8     10
< E:      *      c      a      a      c      d
< L:      *      1      3      7      5      3
96,97c100,108
< Dijkstra + SPT
< N:      a      b      c      d      e      f
---
>  ----------------------------
>  Dijkstra + SPT
>  ----------------------------
>        a   b   c   d   e   f 
>  ----------------------------
>  D:    4   *   1   5   6   8 
>  E:    c   *   b   c   c   d 
>  L:    3   *   1   4   5   3 
>  ----------------------------
99,101d109
< D:      4      *      1      5      6      8
< E:      c      *      b      c      c      d
< L:      3      *      1      4      5      3
117,118c125,133
< Dijkstra + SPT
< N:      a      b      c      d      e      f
---
>  ----------------------------
>  Dijkstra + SPT
>  ----------------------------
>        a   b   c   d   e   f 
>  ----------------------------
>  D:    3   1   *   4   5   7 
>  E:    c   c   *   c   c   d 
>  L:    3   1   *   4   5   3 
>  ----------------------------
120,122d134
< D:      3      1      *      4      5      7
< E:      c      c      *      c      c      d
< L:      3      1      *      4      5      3
138,139c150,158
< Dijkstra + SPT
< N:      a      b      c      d      e      f
---
>  ----------------------------
>  Dijkstra + SPT
>  ----------------------------
>        a   b   c   d   e   f 
>  ----------------------------
>  D:    7   5   4   *   9   3 
>  E:    d   c   d   *   c   d 
>  L:    7   1   4   *   5   3 
>  ----------------------------
141,143d159
< D:      7      5      4      *      9      3
< E:      d      c      d      *      c      d
< L:      7      1      4      *      5      3
159,160c175,183
< Dijkstra + SPT
< N:      a      b      c      d      e      f
---
>  ----------------------------
>  Dijkstra + SPT
>  ----------------------------
>        a   b   c   d   e   f 
>  ----------------------------
>  D:    8   6   5   9   *   8 
>  E:    c   c   e   c   *   e 
>  L:    3   1   5   4   *   8 
>  ----------------------------
162,164d184
< D:      8      6      5      9      *      8
< E:      c      c      e      c      *      e
< L:      3      1      5      4      *      8
180,181c200,208
< Dijkstra + SPT
< N:      a      b      c      d      e      f
---
>  ----------------------------
>  Dijkstra + SPT
>  ----------------------------
>        a   b   c   d   e   f 
>  ----------------------------
>  D:   10   8   7   3   8   * 
>  E:    d   c   d   f   f   * 
>  L:    7   1   4   3   8   * 
>  ----------------------------
183,185d209
< D:     10      8      7      3      8      *
< E:      d      c      d      f      f      *
< L:      7      1      4      3      8      *
215,222c239,249
< Prim + MST
< N:       a      b      c      d      e      f
< 
< lc:      *      1      3      4      5      3
< cl:      *      c      a      c      c      d
< 
< MST sum is: 16
< 
---
>  ----------------------------
>  Prim + MST
>  ----------------------------
>        a   b   c   d   e   f 
>  ----------------------------
>  lc:   *   1   3   4   5   3 
>  cl:   *   c   a   c   c   d 
>  ----------------------------
>  MST sum is 16 
>  ----------------------------
>  
224,231c251,261
< Prim + MST
< N:       a      b      c      d      e      f
< 
< lc:      3      *      1      4      5      3
< cl:      c      *      b      c      c      d
< 
< MST sum is: 16
< 
---
>  ----------------------------
>  Prim + MST
>  ----------------------------
>        a   b   c   d   e   f 
>  ----------------------------
>  lc:   3   *   1   4   5   3 
>  cl:   c   *   b   c   c   d 
>  ----------------------------
>  MST sum is 16 
>  ----------------------------
>  
233,240c263,273
< Prim + MST
< N:       a      b      c      d      e      f
< 
< lc:      3      1      *      4      5      3
< cl:      c      c      *      c      c      d
< 
< MST sum is: 16
< 
---
>  ----------------------------
>  Prim + MST
>  ----------------------------
>        a   b   c   d   e   f 
>  ----------------------------
>  lc:   3   1   *   4   5   3 
>  cl:   c   c   *   c   c   d 
>  ----------------------------
>  MST sum is 16 
>  ----------------------------
>  
242,249c275,285
< Prim + MST
< N:       a      b      c      d      e      f
< 
< lc:      3      1      4      *      5      3
< cl:      c      c      d      *      c      d
< 
< MST sum is: 16
< 
---
>  ----------------------------
>  Prim + MST
>  ----------------------------
>        a   b   c   d   e   f 
>  ----------------------------
>  lc:   3   1   4   *   5   3 
>  cl:   c   c   d   *   c   d 
>  ----------------------------
>  MST sum is 16 
>  ----------------------------
>  
251,258c287,297
< Prim + MST
< N:       a      b      c      d      e      f
< 
< lc:      3      1      5      4      *      3
< cl:      c      c      e      c      *      d
< 
< MST sum is: 16
< 
---
>  ----------------------------
>  Prim + MST
>  ----------------------------
>        a   b   c   d   e   f 
>  ----------------------------
>  lc:   3   1   5   4   *   3 
>  cl:   c   c   e   c   *   d 
>  ----------------------------
>  MST sum is 16 
>  ----------------------------
>  
260,267c299,309
< Prim + MST
< N:       a      b      c      d      e      f
< 
< lc:      3      1      4      3      5      *
< cl:      c      c      d      f      c      *
< 
< MST sum is: 16
< 
---
>  ----------------------------
>  Prim + MST
>  ----------------------------
>        a   b   c   d   e   f 
>  ----------------------------
>  lc:   3   1   4   3   5   * 
>  cl:   c   c   d   f   c   * 
>  ----------------------------
>  MST sum is 16 
>  ----------------------------
>  
*** Build and Test: comparing output ugraph5 (diff)
75,76c75,83
< Dijkstra + SPT
< N:      a      b      c      d      e      f
---
>  ----------------------------
>  Dijkstra + SPT
>  ----------------------------
>        a   b   c   d   e   f 
>  ----------------------------
>  D:    *   1   1   1   2   2 
>  E:    *   a   a   a   c   d 
>  L:    *   1   1   1   1   1 
>  ----------------------------
78,80d84
< D:      *      1      1      1      2      2
< E:      *      a      a      a      c      d
< L:      *      1      1      1      1      1
96,97c100,108
< Dijkstra + SPT
< N:      a      b      c      d      e      f
---
>  ----------------------------
>  Dijkstra + SPT
>  ----------------------------
>        a   b   c   d   e   f 
>  ----------------------------
>  D:    1   *   1   2   1   2 
>  E:    b   *   b   c   b   e 
>  L:    1   *   1   1   1   1 
>  ----------------------------
99,101d109
< D:      1      *      1      2      1      2
< E:      b      *      b      c      b      e
< L:      1      *      1      1      1      1
117,118c125,133
< Dijkstra + SPT
< N:      a      b      c      d      e      f
---
>  ----------------------------
>  Dijkstra + SPT
>  ----------------------------
>        a   b   c   d   e   f 
>  ----------------------------
>  D:    1   1   *   1   1   1 
>  E:    c   c   *   c   c   c 
>  L:    1   1   *   1   1   1 
>  ----------------------------
120,122d134
< D:      1      1      *      1      1      1
< E:      c      c      *      c      c      c
< L:      1      1      *      1      1      1
138,139c150,158
< Dijkstra + SPT
< N:      a      b      c      d      e      f
---
>  ----------------------------
>  Dijkstra + SPT
>  ----------------------------
>        a   b   c   d   e   f 
>  ----------------------------
>  D:    1   2   1   *   2   1 
>  E:    d   c   d   *   f   d 
>  L:    1   1   1   *   1   1 
>  ----------------------------
141,143d159
< D:      1      2      1      *      2      1
< E:      d      c      d      *      f      d
< L:      1      1      1      *      1      1
159,160c175,183
< Dijkstra + SPT
< N:      a      b      c      d      e      f
---
>  ----------------------------
>  Dijkstra + SPT
>  ----------------------------
>        a   b   c   d   e   f 
>  ----------------------------
>  D:    2   1   1   2   *   1 
>  E:    c   e   e   f   *   e 
>  L:    1   1   1   1   *   1 
>  ----------------------------
162,164d184
< D:      2      1      1      2      *      1
< E:      c      e      e      f      *      e
< L:      1      1      1      1      *      1
180,181c200,208
< Dijkstra + SPT
< N:      a      b      c      d      e      f
---
>  ----------------------------
>  Dijkstra + SPT
>  ----------------------------
>        a   b   c   d   e   f 
>  ----------------------------
>  D:    2   2   1   1   1   * 
>  E:    d   e   f   f   f   * 
>  L:    1   1   1   1   1   * 
>  ----------------------------
183,185d209
< D:      2      2      1      1      1      *
< E:      d      e      f      f      f      *
< L:      1      1      1      1      1      *
215,222c239,249
< Prim + MST
< N:       a      b      c      d      e      f
< 
< lc:      *      1      1      1      1      1
< cl:      *      a      a      a      f      d
< 
< MST sum is: 5
< 
---
>  ----------------------------
>  Prim + MST
>  ----------------------------
>        a   b   c   d   e   f 
>  ----------------------------
>  lc:   *   1   1   1   1   1 
>  cl:   *   a   a   a   f   d 
>  ----------------------------
>  MST sum is 5 
>  ----------------------------
>  
224,231c251,261
< Prim + MST
< N:       a      b      c      d      e      f
< 
< lc:      1      *      1      1      1      1
< cl:      b      *      b      f      b      e
< 
< MST sum is: 5
< 
---
>  ----------------------------
>  Prim + MST
>  ----------------------------
>        a   b   c   d   e   f 
>  ----------------------------
>  lc:   1   *   1   1   1   1 
>  cl:   b   *   b   f   b   e 
>  ----------------------------
>  MST sum is 5 
>  ----------------------------
>  
233,240c263,273
< Prim + MST
< N:       a      b      c      d      e      f
< 
< lc:      1      1      *      1      1      1
< cl:      c      c      *      c      c      c
< 
< MST sum is: 5
< 
---
>  ----------------------------
>  Prim + MST
>  ----------------------------
>        a   b   c   d   e   f 
>  ----------------------------
>  lc:   1   1   *   1   1   1 
>  cl:   c   c   *   c   c   c 
>  ----------------------------
>  MST sum is 5 
>  ----------------------------
>  
242,249c275,285
< Prim + MST
< N:       a      b      c      d      e      f
< 
< lc:      1      1      1      *      1      1
< cl:      d      e      d      *      f      d
< 
< MST sum is: 5
< 
---
>  ----------------------------
>  Prim + MST
>  ----------------------------
>        a   b   c   d   e   f 
>  ----------------------------
>  lc:   1   1   1   *   1   1 
>  cl:   d   e   d   *   f   d 
>  ----------------------------
>  MST sum is 5 
>  ----------------------------
>  
251,258c287,297
< Prim + MST
< N:       a      b      c      d      e      f
< 
< lc:      1      1      1      1      *      1
< cl:      d      e      e      f      *      e
< 
< MST sum is: 5
< 
---
>  ----------------------------
>  Prim + MST
>  ----------------------------
>        a   b   c   d   e   f 
>  ----------------------------
>  lc:   1   1   1   1   *   1 
>  cl:   d   e   e   f   *   e 
>  ----------------------------
>  MST sum is 5 
>  ----------------------------
>  
260,267c299,309
< Prim + MST
< N:       a      b      c      d      e      f
< 
< lc:      1      1      1      1      1      *
< cl:      d      e      f      f      f      *
< 
< MST sum is: 5
< 
---
>  ----------------------------
>  Prim + MST
>  ----------------------------
>        a   b   c   d   e   f 
>  ----------------------------
>  lc:   1   1   1   1   1   * 
>  cl:   d   e   f   f   f   * 
>  ----------------------------
>  MST sum is 5 
>  ----------------------------
>  
*** Build and Test: comparing output ugraph6 (diff)
50,51c50,58
< Dijkstra + SPT
< N:      a      b      c      d
---
>  --------------------
>  Dijkstra + SPT
>  --------------------
>        a   b   c   d 
>  --------------------
>  D:    *   2   *   * 
>  E:    *   a   a   a 
>  L:    *   2   *   * 
>  --------------------
53,55d59
< D:      *      2      *      *
< E:      *      a      a      a
< L:      *      2      *      *
69,70c73,81
< Dijkstra + SPT
< N:      a      b      c      d
---
>  --------------------
>  Dijkstra + SPT
>  --------------------
>        a   b   c   d 
>  --------------------
>  D:    2   *   *   * 
>  E:    b   *   b   b 
>  L:    2   *   *   * 
>  --------------------
72,74d82
< D:      2      *      *      *
< E:      b      *      b      b
< L:      2      *      *      *
88,89c96,104
< Dijkstra + SPT
< N:      a      b      c      d
---
>  --------------------
>  Dijkstra + SPT
>  --------------------
>        a   b   c   d 
>  --------------------
>  D:    *   *   *   * 
>  E:    c   c   *   c 
>  L:    *   *   *   * 
>  --------------------
91,93d105
< D:      *      *      *      *
< E:      c      c      *      c
< L:      *      *      *      *
107,108c119,127
< Dijkstra + SPT
< N:      a      b      c      d
---
>  --------------------
>  Dijkstra + SPT
>  --------------------
>        a   b   c   d 
>  --------------------
>  D:    *   *   *   * 
>  E:    d   d   d   * 
>  L:    *   *   *   * 
>  --------------------
110,112d128
< D:      *      *      *      *
< E:      d      d      d      *
< L:      *      *      *      *
138,145c154,164
< Prim + MST
< N:       a      b      c      d
< 
< lc:      *      2      *      *
< cl:      *      a      a      a
< 
< MST sum is: 2
< 
---
>  --------------------
>  Prim + MST
>  --------------------
>        a   b   c   d 
>  --------------------
>  lc:   *   2   *   * 
>  cl:   *   a   a   a 
>  --------------------
>  MST sum is 2 
>  --------------------
>  
147,154c166,176
< Prim + MST
< N:       a      b      c      d
< 
< lc:      2      *      *      *
< cl:      b      *      b      b
< 
< MST sum is: 2
< 
---
>  --------------------
>  Prim + MST
>  --------------------
>        a   b   c   d 
>  --------------------
>  lc:   2   *   *   * 
>  cl:   b   *   b   b 
>  --------------------
>  MST sum is 2 
>  --------------------
>  
156,163c178,188
< Prim + MST
< N:       a      b      c      d
< 
< lc:      2      *      *      *
< cl:      b      c      *      c
< 
< MST sum is: 2
< 
---
>  --------------------
>  Prim + MST
>  --------------------
>        a   b   c   d 
>  --------------------
>  lc:   2   *   *   * 
>  cl:   b   c   *   c 
>  --------------------
>  MST sum is 2 
>  --------------------
>  
165,172c190,200
< Prim + MST
< N:       a      b      c      d
< 
< lc:      2      *      *      *
< cl:      b      d      d      *
< 
< MST sum is: 2
< 
---
>  --------------------
>  Prim + MST
>  --------------------
>        a   b   c   d 
>  --------------------
>  lc:   2   *   *   * 
>  cl:   b   d   d   * 
>  --------------------
>  MST sum is 2 
>  --------------------
>  
*** cleaning up ...
...tests finished
