
 *** Start of Graph program 
***************************************************************
***                                                         ***
***   h:   display this menu                                ***
***   u:   set the mode to undirected graph                 ***
***   i:   set the mode to directed graph                   ***
***   k:   display the mode (directed / undirected)         ***
***                                                         ***
***   d:   display the graph                                ***
***   m:   display the matrix                               ***
***                                                         ***
***   a:   add a  node to the graph                         ***
***   b:   add an edge to the graph                         ***
***   r:   remove a  node from the graph                    ***
***   s:   remove an edge from the graph                    ***
***                                                         ***
***   n:   find a  node in the graph                        ***
***   e:   find an edge in the graph                        ***
***                                                         ***
***   t:   Dijkstra + SPT                                   ***
***   v:   Floyd                                            ***
***   w:   Warshall                                         ***
***   x:   Prim                                             ***
***                                                         ***
***   q:   quit the program                                 ***
***                                                         ***
***************************************************************


 Enter choice ==> 
 Enter choice ==>  i
 Enter choice ==>  a Enter node:  a
 Enter choice ==>  a Enter node:  b
 Enter choice ==>  a Enter node:  c
 Enter choice ==>  a Enter node:  d
 Enter choice ==>  b Enter node:  a Enter node:  b Enter weight:  1
 Enter choice ==>  b Enter node:  a Enter node:  c Enter weight:  2
 Enter choice ==>  b Enter node:  b Enter node:  d Enter weight:  1
 Enter choice ==>  b Enter node:  c Enter node:  d Enter weight:  3
 Enter choice ==>  d

 Adjacency list (4 nodes 4 edges): 

 a :  b( 1) c( 2)
 b :  d( 1)
 c :  d( 3)
 d : 


 Enter choice ==>  m
 --------------------
 Adjacency Matrix
 --------------------
       a   b   c   d 
 --------------------
  a:   *   1   2   * 
  b:   *   *   *   1 
  c:   *   *   *   3 
  d:   *   *   *   * 
 --------------------
 
 Enter choice ==>  t Enter node:  a
Dijkstra + SPT
N:      a      b      c      d

D:      *      1      2      2
E:      *      a      a      b
L:      *      1      2      1
 Enter choice ==>  v
 --------------------
 Floyd
 --------------------
       a   b   c   d 
 --------------------
  a:   0   1   2   2 
  b:   *   0   *   1 
  c:   *   *   0   3 
  d:   *   *   *   0 
 --------------------
 
 Enter choice ==>  t Enter node:  b
Dijkstra + SPT
N:      a      b      c      d

D:      *      *      *      1
E:      b      *      b      b
L:      *      *      *      1
 Enter choice ==>  v
 --------------------
 Floyd
 --------------------
       a   b   c   d 
 --------------------
  a:   0   1   2   2 
  b:   *   0   *   1 
  c:   *   *   0   3 
  d:   *   *   *   0 
 --------------------
 
 Enter choice ==>  t Enter node:  c
Dijkstra + SPT
N:      a      b      c      d

D:      *      *      *      3
E:      c      c      *      c
L:      *      *      *      3
 Enter choice ==>  v
 --------------------
 Floyd
 --------------------
       a   b   c   d 
 --------------------
  a:   0   1   2   2 
  b:   *   0   *   1 
  c:   *   *   0   3 
  d:   *   *   *   0 
 --------------------
 
 Enter choice ==>  t Enter node:  d
Dijkstra + SPT
N:      a      b      c      d

D:      *      *      *      *
E:      d      d      d      *
L:      *      *      *      *
 Enter choice ==>  v
 --------------------
 Floyd
 --------------------
       a   b   c   d 
 --------------------
  a:   0   1   2   2 
  b:   *   0   *   1 
  c:   *   *   0   3 
  d:   *   *   *   0 
 --------------------
 
 Enter choice ==>  w
 --------------------
 Warshall
 --------------------
       a   b   c   d 
 --------------------
  a:   0   1   1   0 
  b:   0   0   0   1 
  c:   0   0   0   1 
  d:   0   0   0   0 
 --------------------
 
 Enter choice ==>  q
 *** BYE BYE! ***
 *** End of Graph program 
