
 *** Start of Graph program 
***************************************************************
***                                                         ***
***   h:   display this menu                                ***
***   u:   set the mode to undirected graph                 ***
***   i:   set the mode to directed graph                   ***
***   k:   display the mode (directed / undirected)         ***
***                                                         ***
***   d:   display the graph                                ***
***   m:   display the matrix                               ***
***                                                         ***
***   a:   add a  node to the graph                         ***
***   b:   add an edge to the graph                         ***
***   r:   remove a  node from the graph                    ***
***   s:   remove an edge from the graph                    ***
***                                                         ***
***   n:   find a  node in the graph                        ***
***   e:   find an edge in the graph                        ***
***                                                         ***
***   t:   Dijkstra + SPT                                   ***
***   v:   Floyd                                            ***
***   w:   Warshall                                         ***
***   x:   Prim                                             ***
***                                                         ***
***   q:   quit the program                                 ***
***                                                         ***
***************************************************************


 Enter choice ==> 
 Enter choice ==>  a Enter node:  a
 Enter choice ==>  a Enter node:  b
 Enter choice ==>  a Enter node:  c
 Enter choice ==>  a Enter node:  d
 Enter choice ==>  a Enter node:  e
 Enter choice ==>  a Enter node:  f
 Enter choice ==>  b Enter node:  a Enter node:  b Enter weight:  1
 Enter choice ==>  b Enter node:  a Enter node:  c Enter weight:  1
 Enter choice ==>  b Enter node:  a Enter node:  d Enter weight:  1
 Enter choice ==>  b Enter node:  b Enter node:  c Enter weight:  1
 Enter choice ==>  b Enter node:  b Enter node:  e Enter weight:  1
 Enter choice ==>  b Enter node:  c Enter node:  d Enter weight:  1
 Enter choice ==>  b Enter node:  c Enter node:  e Enter weight:  1
 Enter choice ==>  b Enter node:  c Enter node:  f Enter weight:  1
 Enter choice ==>  b Enter node:  d Enter node:  f Enter weight:  1
 Enter choice ==>  b Enter node:  e Enter node:  f Enter weight:  1
 Enter choice ==>  d

 Adjacency list (6 nodes 20 edges): 

 a :  b( 1) c( 1) d( 1)
 b :  a( 1) c( 1) e( 1)
 c :  a( 1) b( 1) d( 1) e( 1) f( 1)
 d :  a( 1) c( 1) f( 1)
 e :  b( 1) c( 1) f( 1)
 f :  c( 1) d( 1) e( 1)


 Enter choice ==>  m
 ----------------------------
 Adjacency Matrix
 ----------------------------
       a   b   c   d   e   f 
 ----------------------------
  a:   *   1   1   1   *   * 
  b:   1   *   1   *   1   * 
  c:   1   1   *   1   1   1 
  d:   1   *   1   *   *   1 
  e:   *   1   1   *   *   1 
  f:   *   *   1   1   1   * 
 ----------------------------
 
 Enter choice ==>  t Enter node:  a
Dijkstra + SPT
N:      a      b      c      d      e      f

D:      *      1      1      1      2      2
E:      *      a      a      a      b      c
L:      *      1      1      1      1      1
 Enter choice ==>  v
 ----------------------------
 Floyd
 ----------------------------
       a   b   c   d   e   f 
 ----------------------------
  a:   0   1   1   1   2   2 
  b:   1   0   1   2   1   2 
  c:   1   1   0   1   1   1 
  d:   1   2   1   0   2   1 
  e:   2   1   1   2   0   1 
  f:   2   2   1   1   1   0 
 ----------------------------
 
 Enter choice ==>  t Enter node:  b
Dijkstra + SPT
N:      a      b      c      d      e      f

D:      1      *      1      2      1      2
E:      b      *      b      a      b      c
L:      1      *      1      1      1      1
 Enter choice ==>  v
 ----------------------------
 Floyd
 ----------------------------
       a   b   c   d   e   f 
 ----------------------------
  a:   0   1   1   1   2   2 
  b:   1   0   1   2   1   2 
  c:   1   1   0   1   1   1 
  d:   1   2   1   0   2   1 
  e:   2   1   1   2   0   1 
  f:   2   2   1   1   1   0 
 ----------------------------
 
 Enter choice ==>  t Enter node:  c
Dijkstra + SPT
N:      a      b      c      d      e      f

D:      1      1      2      1      1      1
E:      c      c      *      c      c      c
L:      1      1      1      1      1      1
 Enter choice ==>  v
 ----------------------------
 Floyd
 ----------------------------
       a   b   c   d   e   f 
 ----------------------------
  a:   0   1   1   1   2   2 
  b:   1   0   1   2   1   2 
  c:   1   1   0   1   1   1 
  d:   1   2   1   0   2   1 
  e:   2   1   1   2   0   1 
  f:   2   2   1   1   1   0 
 ----------------------------
 
 Enter choice ==>  t Enter node:  d
Dijkstra + SPT
N:      a      b      c      d      e      f

D:      1      2      1      *      2      1
E:      d      a      d      *      c      d
L:      1      1      1      *      1      1
 Enter choice ==>  v
 ----------------------------
 Floyd
 ----------------------------
       a   b   c   d   e   f 
 ----------------------------
  a:   0   1   1   1   2   2 
  b:   1   0   1   2   1   2 
  c:   1   1   0   1   1   1 
  d:   1   2   1   0   2   1 
  e:   2   1   1   2   0   1 
  f:   2   2   1   1   1   0 
 ----------------------------
 
 Enter choice ==>  t Enter node:  e
Dijkstra + SPT
N:      a      b      c      d      e      f

D:      2      1      1      2      *      1
E:      b      e      e      c      *      e
L:      1      1      1      1      *      1
 Enter choice ==>  v
 ----------------------------
 Floyd
 ----------------------------
       a   b   c   d   e   f 
 ----------------------------
  a:   0   1   1   1   2   2 
  b:   1   0   1   2   1   2 
  c:   1   1   0   1   1   1 
  d:   1   2   1   0   2   1 
  e:   2   1   1   2   0   1 
  f:   2   2   1   1   1   0 
 ----------------------------
 
 Enter choice ==>  t Enter node:  f
Dijkstra + SPT
N:      a      b      c      d      e      f

D:      2      2      1      1      1      *
E:      c      c      f      f      f      *
L:      1      1      1      1      1      *
 Enter choice ==>  v
 ----------------------------
 Floyd
 ----------------------------
       a   b   c   d   e   f 
 ----------------------------
  a:   0   1   1   1   2   2 
  b:   1   0   1   2   1   2 
  c:   1   1   0   1   1   1 
  d:   1   2   1   0   2   1 
  e:   2   1   1   2   0   1 
  f:   2   2   1   1   1   0 
 ----------------------------
 
 Enter choice ==>  w
 ----------------------------
 Warshall
 ----------------------------
       a   b   c   d   e   f 
 ----------------------------
  a:   0   1   1   1   0   0 
  b:   1   0   1   1   1   1 
  c:   1   1   0   1   1   1 
  d:   1   1   1   0   1   1 
  e:   0   1   1   1   0   1 
  f:   0   1   1   1   1   0 
 ----------------------------
 
 Enter choice ==>  x Enter node:  a
Prim + MST
N:       a      b      c      d      e      f

lc:      *      1      1      1      1      1
cl:      *      a      a      a      b      c

MST sum is: 5

 Enter choice ==>  x Enter node:  b
Prim + MST
N:       a      b      c      d      e      f

lc:      1      *      1      1      1      1
cl:      b      *      b      a      b      c

MST sum is: 5

 Enter choice ==>  x Enter node:  c
Prim + MST
N:       a      b      c      d      e      f

lc:      1      1      *      1      1      1
cl:      c      c      *      c      c      c

MST sum is: 5

 Enter choice ==>  x Enter node:  d
Prim + MST
N:       a      b      c      d      e      f

lc:      1      1      1      *      1      1
cl:      d      a      d      *      c      d

MST sum is: 5

 Enter choice ==>  x Enter node:  e
Prim + MST
N:       a      b      c      d      e      f

lc:      1      1      1      1      *      1
cl:      b      e      e      c      *      e

MST sum is: 5

 Enter choice ==>  x Enter node:  f
Prim + MST
N:       a      b      c      d      e      f

lc:      1      1      1      1      1      *
cl:      c      c      f      f      f      *

MST sum is: 5

 Enter choice ==>  q
 *** BYE BYE! ***
 *** End of Graph program 
