
 *** Start of Graph program 
***************************************************************
***                                                         ***
***   h:   display this menu                                ***
***   u:   set the mode to undirected graph                 ***
***   i:   set the mode to directed graph                   ***
***   k:   display the mode (directed / undirected)         ***
***                                                         ***
***   d:   display the graph                                ***
***   m:   display the matrix                               ***
***                                                         ***
***   a:   add a  node to the graph                         ***
***   b:   add an edge to the graph                         ***
***   r:   remove a  node from the graph                    ***
***   s:   remove an edge from the graph                    ***
***                                                         ***
***   n:   find a  node in the graph                        ***
***   e:   find an edge in the graph                        ***
***                                                         ***
***   t:   Dijkstra + SPT                                   ***
***   v:   Floyd                                            ***
***   w:   Warshall                                         ***
***   x:   Prim                                             ***
***                                                         ***
***   q:   quit the program                                 ***
***                                                         ***
***************************************************************


 Enter choice ==> 
 Enter choice ==>  a Enter node:  a
 Enter choice ==>  a Enter node:  b
 Enter choice ==>  a Enter node:  c
 Enter choice ==>  a Enter node:  d
 Enter choice ==>  b Enter node:  a Enter node:  b Enter weight:  2
 Enter choice ==>  m
 --------------------
 Adjacency Matrix
 --------------------
       a   b   c   d 
 --------------------
  a:   *   2   *   * 
  b:   2   *   *   * 
  c:   *   *   *   * 
  d:   *   *   *   * 
 --------------------
 
 Enter choice ==>  t Enter node:  a
 --------------------
 Dijkstra + SPT
 --------------------
       a   b   c   d 
 --------------------
 D:    *   2   *   * 
 E:    *   a   a   a 
 L:    *   2   *   * 
 --------------------

 Enter choice ==>  v
 --------------------
 Floyd
 --------------------
       a   b   c   d 
 --------------------
  a:   0   2   *   * 
  b:   2   0   *   * 
  c:   *   *   0   * 
  d:   *   *   *   0 
 --------------------
 
 Enter choice ==>  t Enter node:  b
 --------------------
 Dijkstra + SPT
 --------------------
       a   b   c   d 
 --------------------
 D:    2   *   *   * 
 E:    b   *   b   b 
 L:    2   *   *   * 
 --------------------

 Enter choice ==>  v
 --------------------
 Floyd
 --------------------
       a   b   c   d 
 --------------------
  a:   0   2   *   * 
  b:   2   0   *   * 
  c:   *   *   0   * 
  d:   *   *   *   0 
 --------------------
 
 Enter choice ==>  t Enter node:  c
 --------------------
 Dijkstra + SPT
 --------------------
       a   b   c   d 
 --------------------
 D:    *   *   *   * 
 E:    c   c   *   c 
 L:    *   *   *   * 
 --------------------

 Enter choice ==>  v
 --------------------
 Floyd
 --------------------
       a   b   c   d 
 --------------------
  a:   0   2   *   * 
  b:   2   0   *   * 
  c:   *   *   0   * 
  d:   *   *   *   0 
 --------------------
 
 Enter choice ==>  t Enter node:  d
 --------------------
 Dijkstra + SPT
 --------------------
       a   b   c   d 
 --------------------
 D:    *   *   *   * 
 E:    d   d   d   * 
 L:    *   *   *   * 
 --------------------

 Enter choice ==>  v
 --------------------
 Floyd
 --------------------
       a   b   c   d 
 --------------------
  a:   0   2   *   * 
  b:   2   0   *   * 
  c:   *   *   0   * 
  d:   *   *   *   0 
 --------------------
 
 Enter choice ==>  w
 --------------------
 Warshall
 --------------------
       a   b   c   d 
 --------------------
  a:   1   1   0   0 
  b:   1   1   0   0 
  c:   0   0   0   0 
  d:   0   0   0   0 
 --------------------
 
 Enter choice ==>  x Enter node:  a
 --------------------
 Prim + MST
 --------------------
       a   b   c   d 
 --------------------
 lc:   *   2   *   * 
 cl:   *   a   a   a 
 --------------------
 MST sum is 2 
 --------------------
 
 Enter choice ==>  x Enter node:  b
 --------------------
 Prim + MST
 --------------------
       a   b   c   d 
 --------------------
 lc:   2   *   *   * 
 cl:   b   *   b   b 
 --------------------
 MST sum is 2 
 --------------------
 
 Enter choice ==>  x Enter node:  c
 --------------------
 Prim + MST
 --------------------
       a   b   c   d 
 --------------------
 lc:   2   *   *   * 
 cl:   b   c   *   c 
 --------------------
 MST sum is 2 
 --------------------
 
 Enter choice ==>  x Enter node:  d
 --------------------
 Prim + MST
 --------------------
       a   b   c   d 
 --------------------
 lc:   2   *   *   * 
 cl:   b   d   d   * 
 --------------------
 MST sum is 2 
 --------------------
 
 Enter choice ==>  q
 *** BYE BYE! ***
 *** End of Graph program 
